2018-12-18 at 17:11:08 CST INFO  com.wangwenjun.concurrent.chapter08.test2.TestClient2 48 t1 - getActiveCount:0
2018-12-18 at 17:11:08 CST INFO  com.wangwenjun.concurrent.chapter08.test2.TestClient2 49 t1 - getCompletedTaskCount:0
2018-12-18 at 17:11:08 CST INFO  com.wangwenjun.concurrent.chapter08.test2.TestClient2 50 t1 - getCorePoolSize:3
2018-12-18 at 17:11:08 CST INFO  com.wangwenjun.concurrent.chapter08.test2.TestClient2 51 t1 - getLargestPoolSize:0
2018-12-18 at 17:11:08 CST INFO  com.wangwenjun.concurrent.chapter08.test2.TestClient2 52 t1 - getMaximumPoolSize:5
2018-12-18 at 17:11:08 CST INFO  com.wangwenjun.concurrent.chapter08.test2.TestClient2 53 t1 - getPoolSize:0
2018-12-18 at 17:11:08 CST INFO  com.wangwenjun.concurrent.chapter08.test2.TestClient2 54 t1 - getTaskCount:0
2018-12-18 at 17:11:08 CST INFO  com.wangwenjun.concurrent.chapter08.test2.TestClient2 55 t1 - getQueue:0
2018-12-18 at 18:29:01 CST INFO  com.wangwenjun.concurrent.chapter08.test2.TestClient2 38 t1 - getActiveCount:0
2018-12-18 at 18:29:01 CST INFO  com.wangwenjun.concurrent.chapter08.test2.TestClient2 39 t1 - getCompletedTaskCount:0
2018-12-18 at 18:29:01 CST INFO  com.wangwenjun.concurrent.chapter08.test2.TestClient2 40 t1 - getCorePoolSize:3
2018-12-18 at 18:29:01 CST INFO  com.wangwenjun.concurrent.chapter08.test2.TestClient2 41 t1 - getLargestPoolSize:0
2018-12-18 at 18:29:01 CST INFO  com.wangwenjun.concurrent.chapter08.test2.TestClient2 42 t1 - getMaximumPoolSize:5
2018-12-18 at 18:29:01 CST INFO  com.wangwenjun.concurrent.chapter08.test2.TestClient2 43 t1 - getPoolSize:0
2018-12-18 at 18:29:01 CST INFO  com.wangwenjun.concurrent.chapter08.test2.TestClient2 44 t1 - getTaskCount:0
2018-12-18 at 18:29:01 CST INFO  com.wangwenjun.concurrent.chapter08.test2.TestClient2 45 t1 - getQueue:0
2018-12-18 at 18:31:37 CST INFO  com.wangwenjun.concurrent.chapter08.test2.TestClient2 38 t1 - getActiveCount:0
2018-12-18 at 18:31:37 CST INFO  com.wangwenjun.concurrent.chapter08.test2.TestClient2 39 t1 - getCompletedTaskCount:0
2018-12-18 at 18:31:37 CST INFO  com.wangwenjun.concurrent.chapter08.test2.TestClient2 40 t1 - getCorePoolSize:3
2018-12-18 at 18:31:37 CST INFO  com.wangwenjun.concurrent.chapter08.test2.TestClient2 41 t1 - getLargestPoolSize:0
2018-12-18 at 18:31:37 CST INFO  com.wangwenjun.concurrent.chapter08.test2.TestClient2 42 t1 - getMaximumPoolSize:5
2018-12-18 at 18:31:37 CST INFO  com.wangwenjun.concurrent.chapter08.test2.TestClient2 43 t1 - getPoolSize:0
2018-12-18 at 18:31:37 CST INFO  com.wangwenjun.concurrent.chapter08.test2.TestClient2 44 t1 - getTaskCount:0
2018-12-18 at 18:31:37 CST INFO  com.wangwenjun.concurrent.chapter08.test2.TestClient2 45 t1 - getQueue:0
2018-12-18 at 18:34:35 CST INFO  com.wangwenjun.concurrent.chapter08.test2.TestClient2 38 t1 - getActiveCount:0
2018-12-18 at 18:34:35 CST INFO  com.wangwenjun.concurrent.chapter08.test2.TestClient2 39 t1 - getCompletedTaskCount:0
2018-12-18 at 18:34:35 CST INFO  com.wangwenjun.concurrent.chapter08.test2.TestClient2 40 t1 - getCorePoolSize:3
2018-12-18 at 18:34:35 CST INFO  com.wangwenjun.concurrent.chapter08.test2.TestClient2 41 t1 - getLargestPoolSize:0
2018-12-18 at 18:34:35 CST INFO  com.wangwenjun.concurrent.chapter08.test2.TestClient2 42 t1 - getMaximumPoolSize:5
2018-12-18 at 18:34:35 CST INFO  com.wangwenjun.concurrent.chapter08.test2.TestClient2 43 t1 - getPoolSize:0
2018-12-18 at 18:34:35 CST INFO  com.wangwenjun.concurrent.chapter08.test2.TestClient2 44 t1 - getTaskCount:0
2018-12-18 at 18:34:35 CST INFO  com.wangwenjun.concurrent.chapter08.test2.TestClient2 45 t1 - getQueue:0
2018-12-18 at 18:34:59 CST INFO  com.wangwenjun.concurrent.chapter08.test2.TestClient2 55 t1 - 
2018-12-18 at 18:36:48 CST INFO  com.wangwenjun.concurrent.chapter08.test2.TestClient2 38 t1 - getActiveCount:0
2018-12-18 at 18:36:48 CST INFO  com.wangwenjun.concurrent.chapter08.test2.TestClient2 39 t1 - getCompletedTaskCount:0
2018-12-18 at 18:36:48 CST INFO  com.wangwenjun.concurrent.chapter08.test2.TestClient2 40 t1 - getCorePoolSize:3
2018-12-18 at 18:36:48 CST INFO  com.wangwenjun.concurrent.chapter08.test2.TestClient2 41 t1 - getLargestPoolSize:0
2018-12-18 at 18:36:48 CST INFO  com.wangwenjun.concurrent.chapter08.test2.TestClient2 42 t1 - getMaximumPoolSize:5
2018-12-18 at 18:36:48 CST INFO  com.wangwenjun.concurrent.chapter08.test2.TestClient2 43 t1 - getPoolSize:0
2018-12-18 at 18:36:48 CST INFO  com.wangwenjun.concurrent.chapter08.test2.TestClient2 44 t1 - getTaskCount:0
2018-12-18 at 18:36:48 CST INFO  com.wangwenjun.concurrent.chapter08.test2.TestClient2 45 t1 - getQueue:0
2018-12-18 at 18:36:55 CST INFO  com.wangwenjun.concurrent.chapter08.test2.TestClient2 55 t1 - 
2018-12-18 at 18:44:44 CST INFO  com.wangwenjun.concurrent.chapter08.test2.TestClient2 46 log - --------------------
2018-12-18 at 18:44:44 CST INFO  com.wangwenjun.concurrent.chapter08.test2.TestClient2 47 log - getActiveCount:0
2018-12-18 at 18:44:44 CST INFO  com.wangwenjun.concurrent.chapter08.test2.TestClient2 48 log - getCompletedTaskCount:0
2018-12-18 at 18:44:44 CST INFO  com.wangwenjun.concurrent.chapter08.test2.TestClient2 49 log - getCorePoolSize:3
2018-12-18 at 18:44:44 CST INFO  com.wangwenjun.concurrent.chapter08.test2.TestClient2 50 log - getLargestPoolSize:0
2018-12-18 at 18:44:44 CST INFO  com.wangwenjun.concurrent.chapter08.test2.TestClient2 51 log - getMaximumPoolSize:5
2018-12-18 at 18:44:44 CST INFO  com.wangwenjun.concurrent.chapter08.test2.TestClient2 52 log - getPoolSize:0
2018-12-18 at 18:44:44 CST INFO  com.wangwenjun.concurrent.chapter08.test2.TestClient2 53 log - getTaskCount:0
2018-12-18 at 18:44:44 CST INFO  com.wangwenjun.concurrent.chapter08.test2.TestClient2 54 log - getQueue:0
2018-12-18 at 18:44:44 CST INFO  com.wangwenjun.concurrent.chapter08.test2.TestClient2 46 log - --------------------
2018-12-18 at 18:44:44 CST INFO  com.wangwenjun.concurrent.chapter08.test2.TestClient2 47 log - getActiveCount:1
2018-12-18 at 18:44:44 CST INFO  com.wangwenjun.concurrent.chapter08.test2.TestClient2 48 log - getCompletedTaskCount:0
2018-12-18 at 18:44:44 CST INFO  com.wangwenjun.concurrent.chapter08.test2.TestClient2 49 log - getCorePoolSize:3
2018-12-18 at 18:44:44 CST INFO  com.wangwenjun.concurrent.chapter08.test2.TestClient2 50 log - getLargestPoolSize:1
2018-12-18 at 18:44:44 CST INFO  com.wangwenjun.concurrent.chapter08.test2.TestClient2 51 log - getMaximumPoolSize:5
2018-12-18 at 18:44:44 CST INFO  com.wangwenjun.concurrent.chapter08.test2.TestClient2 52 log - getPoolSize:1
2018-12-18 at 18:44:44 CST INFO  com.wangwenjun.concurrent.chapter08.test2.TestClient2 53 log - getTaskCount:1
2018-12-18 at 18:44:44 CST INFO  com.wangwenjun.concurrent.chapter08.test2.TestClient2 54 log - getQueue:0
2018-12-18 at 18:46:33 CST INFO  com.wangwenjun.concurrent.chapter08.test2.TestClient2 46 log - --------------------
2018-12-18 at 18:46:33 CST INFO  com.wangwenjun.concurrent.chapter08.test2.TestClient2 47 log - getActiveCount:0
2018-12-18 at 18:46:33 CST INFO  com.wangwenjun.concurrent.chapter08.test2.TestClient2 48 log - getCompletedTaskCount:0
2018-12-18 at 18:46:33 CST INFO  com.wangwenjun.concurrent.chapter08.test2.TestClient2 49 log - getCorePoolSize:3
2018-12-18 at 18:46:33 CST INFO  com.wangwenjun.concurrent.chapter08.test2.TestClient2 50 log - getLargestPoolSize:0
2018-12-18 at 18:46:33 CST INFO  com.wangwenjun.concurrent.chapter08.test2.TestClient2 51 log - getMaximumPoolSize:5
2018-12-18 at 18:46:33 CST INFO  com.wangwenjun.concurrent.chapter08.test2.TestClient2 52 log - getPoolSize:0
2018-12-18 at 18:46:33 CST INFO  com.wangwenjun.concurrent.chapter08.test2.TestClient2 53 log - getTaskCount:0
2018-12-18 at 18:46:33 CST INFO  com.wangwenjun.concurrent.chapter08.test2.TestClient2 54 log - getQueue:0
2018-12-18 at 18:46:33 CST INFO  com.wangwenjun.concurrent.chapter08.test2.TestClient2 46 log - --------------------
2018-12-18 at 18:46:33 CST INFO  com.wangwenjun.concurrent.chapter08.test2.TestClient2 47 log - getActiveCount:2
2018-12-18 at 18:46:33 CST INFO  com.wangwenjun.concurrent.chapter08.test2.TestClient2 48 log - getCompletedTaskCount:0
2018-12-18 at 18:46:33 CST INFO  com.wangwenjun.concurrent.chapter08.test2.TestClient2 49 log - getCorePoolSize:3
2018-12-18 at 18:46:33 CST INFO  com.wangwenjun.concurrent.chapter08.test2.TestClient2 50 log - getLargestPoolSize:2
2018-12-18 at 18:46:33 CST INFO  com.wangwenjun.concurrent.chapter08.test2.TestClient2 51 log - getMaximumPoolSize:5
2018-12-18 at 18:46:33 CST INFO  com.wangwenjun.concurrent.chapter08.test2.TestClient2 52 log - getPoolSize:2
2018-12-18 at 18:46:33 CST INFO  com.wangwenjun.concurrent.chapter08.test2.TestClient2 53 log - getTaskCount:2
2018-12-18 at 18:46:33 CST INFO  com.wangwenjun.concurrent.chapter08.test2.TestClient2 54 log - getQueue:0
2018-12-18 at 18:47:06 CST INFO  com.wangwenjun.concurrent.chapter08.test2.TestClient2 46 log - --------------------
2018-12-18 at 18:47:06 CST INFO  com.wangwenjun.concurrent.chapter08.test2.TestClient2 47 log - getActiveCount:0
2018-12-18 at 18:47:06 CST INFO  com.wangwenjun.concurrent.chapter08.test2.TestClient2 48 log - getCompletedTaskCount:0
2018-12-18 at 18:47:06 CST INFO  com.wangwenjun.concurrent.chapter08.test2.TestClient2 49 log - getCorePoolSize:3
2018-12-18 at 18:47:06 CST INFO  com.wangwenjun.concurrent.chapter08.test2.TestClient2 50 log - getLargestPoolSize:0
2018-12-18 at 18:47:06 CST INFO  com.wangwenjun.concurrent.chapter08.test2.TestClient2 51 log - getMaximumPoolSize:5
2018-12-18 at 18:47:06 CST INFO  com.wangwenjun.concurrent.chapter08.test2.TestClient2 52 log - getPoolSize:0
2018-12-18 at 18:47:06 CST INFO  com.wangwenjun.concurrent.chapter08.test2.TestClient2 53 log - getTaskCount:0
2018-12-18 at 18:47:06 CST INFO  com.wangwenjun.concurrent.chapter08.test2.TestClient2 54 log - getQueue:0
2018-12-18 at 18:47:06 CST INFO  com.wangwenjun.concurrent.chapter08.test2.TestClient2 46 log - --------------------
2018-12-18 at 18:47:06 CST INFO  com.wangwenjun.concurrent.chapter08.test2.TestClient2 47 log - getActiveCount:2
2018-12-18 at 18:47:06 CST INFO  com.wangwenjun.concurrent.chapter08.test2.TestClient2 48 log - getCompletedTaskCount:0
2018-12-18 at 18:47:06 CST INFO  com.wangwenjun.concurrent.chapter08.test2.TestClient2 49 log - getCorePoolSize:3
2018-12-18 at 18:47:06 CST INFO  com.wangwenjun.concurrent.chapter08.test2.TestClient2 50 log - getLargestPoolSize:2
2018-12-18 at 18:47:06 CST INFO  com.wangwenjun.concurrent.chapter08.test2.TestClient2 51 log - getMaximumPoolSize:5
2018-12-18 at 18:47:06 CST INFO  com.wangwenjun.concurrent.chapter08.test2.TestClient2 52 log - getPoolSize:2
2018-12-18 at 18:47:06 CST INFO  com.wangwenjun.concurrent.chapter08.test2.TestClient2 53 log - getTaskCount:2
2018-12-18 at 18:47:06 CST INFO  com.wangwenjun.concurrent.chapter08.test2.TestClient2 54 log - getQueue:0
2018-12-18 at 18:47:46 CST INFO  com.wangwenjun.concurrent.chapter08.test2.TestClient2 46 log - --------------------
2018-12-18 at 18:47:46 CST INFO  com.wangwenjun.concurrent.chapter08.test2.TestClient2 47 log - getActiveCount:0
2018-12-18 at 18:47:46 CST INFO  com.wangwenjun.concurrent.chapter08.test2.TestClient2 48 log - getCompletedTaskCount:0
2018-12-18 at 18:47:46 CST INFO  com.wangwenjun.concurrent.chapter08.test2.TestClient2 49 log - getCorePoolSize:3
2018-12-18 at 18:47:46 CST INFO  com.wangwenjun.concurrent.chapter08.test2.TestClient2 50 log - getLargestPoolSize:0
2018-12-18 at 18:47:46 CST INFO  com.wangwenjun.concurrent.chapter08.test2.TestClient2 51 log - getMaximumPoolSize:5
2018-12-18 at 18:47:46 CST INFO  com.wangwenjun.concurrent.chapter08.test2.TestClient2 52 log - getPoolSize:0
2018-12-18 at 18:47:46 CST INFO  com.wangwenjun.concurrent.chapter08.test2.TestClient2 53 log - getTaskCount:0
2018-12-18 at 18:47:46 CST INFO  com.wangwenjun.concurrent.chapter08.test2.TestClient2 54 log - getQueue:0
2018-12-18 at 18:47:46 CST INFO  com.wangwenjun.concurrent.chapter08.test2.TestClient2 46 log - --------------------
2018-12-18 at 18:47:46 CST INFO  com.wangwenjun.concurrent.chapter08.test2.TestClient2 47 log - getActiveCount:3
2018-12-18 at 18:47:46 CST INFO  com.wangwenjun.concurrent.chapter08.test2.TestClient2 48 log - getCompletedTaskCount:0
2018-12-18 at 18:47:46 CST INFO  com.wangwenjun.concurrent.chapter08.test2.TestClient2 49 log - getCorePoolSize:3
2018-12-18 at 18:47:46 CST INFO  com.wangwenjun.concurrent.chapter08.test2.TestClient2 50 log - getLargestPoolSize:3
2018-12-18 at 18:47:46 CST INFO  com.wangwenjun.concurrent.chapter08.test2.TestClient2 51 log - getMaximumPoolSize:5
2018-12-18 at 18:47:46 CST INFO  com.wangwenjun.concurrent.chapter08.test2.TestClient2 52 log - getPoolSize:3
2018-12-18 at 18:47:46 CST INFO  com.wangwenjun.concurrent.chapter08.test2.TestClient2 53 log - getTaskCount:3
2018-12-18 at 18:47:46 CST INFO  com.wangwenjun.concurrent.chapter08.test2.TestClient2 54 log - getQueue:0
2018-12-18 at 18:48:36 CST INFO  com.wangwenjun.concurrent.chapter08.test2.TestClient2 46 log - --------------------
2018-12-18 at 18:48:36 CST INFO  com.wangwenjun.concurrent.chapter08.test2.TestClient2 47 log - getActiveCount:0
2018-12-18 at 18:48:36 CST INFO  com.wangwenjun.concurrent.chapter08.test2.TestClient2 48 log - getCompletedTaskCount:0
2018-12-18 at 18:48:36 CST INFO  com.wangwenjun.concurrent.chapter08.test2.TestClient2 49 log - getCorePoolSize:3
2018-12-18 at 18:48:36 CST INFO  com.wangwenjun.concurrent.chapter08.test2.TestClient2 50 log - getLargestPoolSize:0
2018-12-18 at 18:48:36 CST INFO  com.wangwenjun.concurrent.chapter08.test2.TestClient2 51 log - getMaximumPoolSize:5
2018-12-18 at 18:48:36 CST INFO  com.wangwenjun.concurrent.chapter08.test2.TestClient2 52 log - getPoolSize:0
2018-12-18 at 18:48:36 CST INFO  com.wangwenjun.concurrent.chapter08.test2.TestClient2 53 log - getTaskCount:0
2018-12-18 at 18:48:36 CST INFO  com.wangwenjun.concurrent.chapter08.test2.TestClient2 54 log - getQueue:0
2018-12-18 at 18:48:36 CST INFO  com.wangwenjun.concurrent.chapter08.test2.TestClient2 46 log - --------------------
2018-12-18 at 18:48:36 CST INFO  com.wangwenjun.concurrent.chapter08.test2.TestClient2 47 log - getActiveCount:3
2018-12-18 at 18:48:36 CST INFO  com.wangwenjun.concurrent.chapter08.test2.TestClient2 48 log - getCompletedTaskCount:0
2018-12-18 at 18:48:36 CST INFO  com.wangwenjun.concurrent.chapter08.test2.TestClient2 49 log - getCorePoolSize:3
2018-12-18 at 18:48:36 CST INFO  com.wangwenjun.concurrent.chapter08.test2.TestClient2 50 log - getLargestPoolSize:3
2018-12-18 at 18:48:36 CST INFO  com.wangwenjun.concurrent.chapter08.test2.TestClient2 51 log - getMaximumPoolSize:5
2018-12-18 at 18:48:36 CST INFO  com.wangwenjun.concurrent.chapter08.test2.TestClient2 52 log - getPoolSize:3
2018-12-18 at 18:48:36 CST INFO  com.wangwenjun.concurrent.chapter08.test2.TestClient2 53 log - getTaskCount:4
2018-12-18 at 18:48:36 CST INFO  com.wangwenjun.concurrent.chapter08.test2.TestClient2 54 log - getQueue:1
2018-12-18 at 18:49:26 CST INFO  com.wangwenjun.concurrent.chapter08.test2.TestClient2 47 log - --------------------
2018-12-18 at 18:49:26 CST INFO  com.wangwenjun.concurrent.chapter08.test2.TestClient2 48 log - getActiveCount:0
2018-12-18 at 18:49:26 CST INFO  com.wangwenjun.concurrent.chapter08.test2.TestClient2 49 log - getCompletedTaskCount:0
2018-12-18 at 18:49:26 CST INFO  com.wangwenjun.concurrent.chapter08.test2.TestClient2 50 log - getCorePoolSize:3
2018-12-18 at 18:49:26 CST INFO  com.wangwenjun.concurrent.chapter08.test2.TestClient2 51 log - getLargestPoolSize:0
2018-12-18 at 18:49:26 CST INFO  com.wangwenjun.concurrent.chapter08.test2.TestClient2 52 log - getMaximumPoolSize:5
2018-12-18 at 18:49:26 CST INFO  com.wangwenjun.concurrent.chapter08.test2.TestClient2 53 log - getPoolSize:0
2018-12-18 at 18:49:26 CST INFO  com.wangwenjun.concurrent.chapter08.test2.TestClient2 54 log - getTaskCount:0
2018-12-18 at 18:49:26 CST INFO  com.wangwenjun.concurrent.chapter08.test2.TestClient2 55 log - getQueue:0
2018-12-18 at 18:49:31 CST INFO  com.wangwenjun.concurrent.chapter08.test2.TestClient2 47 log - --------------------
2018-12-18 at 18:49:31 CST INFO  com.wangwenjun.concurrent.chapter08.test2.TestClient2 48 log - getActiveCount:0
2018-12-18 at 18:49:31 CST INFO  com.wangwenjun.concurrent.chapter08.test2.TestClient2 49 log - getCompletedTaskCount:4
2018-12-18 at 18:49:31 CST INFO  com.wangwenjun.concurrent.chapter08.test2.TestClient2 50 log - getCorePoolSize:3
2018-12-18 at 18:49:31 CST INFO  com.wangwenjun.concurrent.chapter08.test2.TestClient2 51 log - getLargestPoolSize:3
2018-12-18 at 18:49:31 CST INFO  com.wangwenjun.concurrent.chapter08.test2.TestClient2 52 log - getMaximumPoolSize:5
2018-12-18 at 18:49:31 CST INFO  com.wangwenjun.concurrent.chapter08.test2.TestClient2 53 log - getPoolSize:3
2018-12-18 at 18:49:31 CST INFO  com.wangwenjun.concurrent.chapter08.test2.TestClient2 54 log - getTaskCount:4
2018-12-18 at 18:49:31 CST INFO  com.wangwenjun.concurrent.chapter08.test2.TestClient2 55 log - getQueue:0
2018-12-18 at 18:50:25 CST INFO  com.wangwenjun.concurrent.chapter08.test2.TestClient2 47 log - --------------------
2018-12-18 at 18:50:25 CST INFO  com.wangwenjun.concurrent.chapter08.test2.TestClient2 48 log - getActiveCount:0
2018-12-18 at 18:50:25 CST INFO  com.wangwenjun.concurrent.chapter08.test2.TestClient2 49 log - getCompletedTaskCount:0
2018-12-18 at 18:50:25 CST INFO  com.wangwenjun.concurrent.chapter08.test2.TestClient2 50 log - getCorePoolSize:3
2018-12-18 at 18:50:25 CST INFO  com.wangwenjun.concurrent.chapter08.test2.TestClient2 51 log - getLargestPoolSize:0
2018-12-18 at 18:50:25 CST INFO  com.wangwenjun.concurrent.chapter08.test2.TestClient2 52 log - getMaximumPoolSize:5
2018-12-18 at 18:50:25 CST INFO  com.wangwenjun.concurrent.chapter08.test2.TestClient2 53 log - getPoolSize:0
2018-12-18 at 18:50:25 CST INFO  com.wangwenjun.concurrent.chapter08.test2.TestClient2 54 log - getTaskCount:0
2018-12-18 at 18:50:25 CST INFO  com.wangwenjun.concurrent.chapter08.test2.TestClient2 55 log - getQueue:0
2018-12-18 at 18:50:30 CST INFO  com.wangwenjun.concurrent.chapter08.test2.TestClient2 47 log - --------------------
2018-12-18 at 18:50:30 CST INFO  com.wangwenjun.concurrent.chapter08.test2.TestClient2 48 log - getActiveCount:3
2018-12-18 at 18:50:30 CST INFO  com.wangwenjun.concurrent.chapter08.test2.TestClient2 49 log - getCompletedTaskCount:0
2018-12-18 at 18:50:30 CST INFO  com.wangwenjun.concurrent.chapter08.test2.TestClient2 50 log - getCorePoolSize:3
2018-12-18 at 18:50:30 CST INFO  com.wangwenjun.concurrent.chapter08.test2.TestClient2 51 log - getLargestPoolSize:3
2018-12-18 at 18:50:30 CST INFO  com.wangwenjun.concurrent.chapter08.test2.TestClient2 52 log - getMaximumPoolSize:5
2018-12-18 at 18:50:30 CST INFO  com.wangwenjun.concurrent.chapter08.test2.TestClient2 53 log - getPoolSize:3
2018-12-18 at 18:50:30 CST INFO  com.wangwenjun.concurrent.chapter08.test2.TestClient2 54 log - getTaskCount:4
2018-12-18 at 18:50:30 CST INFO  com.wangwenjun.concurrent.chapter08.test2.TestClient2 55 log - getQueue:1
2018-12-18 at 18:51:22 CST INFO  com.wangwenjun.concurrent.chapter08.test2.TestClient2 47 log - --------------------
2018-12-18 at 18:51:22 CST INFO  com.wangwenjun.concurrent.chapter08.test2.TestClient2 48 log - getActiveCount:0
2018-12-18 at 18:51:22 CST INFO  com.wangwenjun.concurrent.chapter08.test2.TestClient2 49 log - getCompletedTaskCount:0
2018-12-18 at 18:51:22 CST INFO  com.wangwenjun.concurrent.chapter08.test2.TestClient2 50 log - getCorePoolSize:3
2018-12-18 at 18:51:22 CST INFO  com.wangwenjun.concurrent.chapter08.test2.TestClient2 51 log - getLargestPoolSize:0
2018-12-18 at 18:51:22 CST INFO  com.wangwenjun.concurrent.chapter08.test2.TestClient2 52 log - getMaximumPoolSize:5
2018-12-18 at 18:51:22 CST INFO  com.wangwenjun.concurrent.chapter08.test2.TestClient2 53 log - getPoolSize:0
2018-12-18 at 18:51:22 CST INFO  com.wangwenjun.concurrent.chapter08.test2.TestClient2 54 log - getTaskCount:0
2018-12-18 at 18:51:22 CST INFO  com.wangwenjun.concurrent.chapter08.test2.TestClient2 55 log - getQueue:0
2018-12-18 at 18:51:27 CST INFO  com.wangwenjun.concurrent.chapter08.test2.TestClient2 47 log - --------------------
2018-12-18 at 18:51:27 CST INFO  com.wangwenjun.concurrent.chapter08.test2.TestClient2 48 log - getActiveCount:5
2018-12-18 at 18:51:27 CST INFO  com.wangwenjun.concurrent.chapter08.test2.TestClient2 49 log - getCompletedTaskCount:0
2018-12-18 at 18:51:27 CST INFO  com.wangwenjun.concurrent.chapter08.test2.TestClient2 50 log - getCorePoolSize:3
2018-12-18 at 18:51:27 CST INFO  com.wangwenjun.concurrent.chapter08.test2.TestClient2 51 log - getLargestPoolSize:5
2018-12-18 at 18:51:27 CST INFO  com.wangwenjun.concurrent.chapter08.test2.TestClient2 52 log - getMaximumPoolSize:5
2018-12-18 at 18:51:27 CST INFO  com.wangwenjun.concurrent.chapter08.test2.TestClient2 53 log - getPoolSize:5
2018-12-18 at 18:51:27 CST INFO  com.wangwenjun.concurrent.chapter08.test2.TestClient2 54 log - getTaskCount:8
2018-12-18 at 18:51:27 CST INFO  com.wangwenjun.concurrent.chapter08.test2.TestClient2 55 log - getQueue:3
2018-12-18 at 18:52:31 CST INFO  com.wangwenjun.concurrent.chapter08.test2.TestClient2 47 log - --------------------
2018-12-18 at 18:52:31 CST INFO  com.wangwenjun.concurrent.chapter08.test2.TestClient2 48 log - getActiveCount:0
2018-12-18 at 18:52:31 CST INFO  com.wangwenjun.concurrent.chapter08.test2.TestClient2 49 log - getCompletedTaskCount:0
2018-12-18 at 18:52:31 CST INFO  com.wangwenjun.concurrent.chapter08.test2.TestClient2 50 log - getCorePoolSize:3
2018-12-18 at 18:52:31 CST INFO  com.wangwenjun.concurrent.chapter08.test2.TestClient2 51 log - getLargestPoolSize:0
2018-12-18 at 18:52:31 CST INFO  com.wangwenjun.concurrent.chapter08.test2.TestClient2 52 log - getMaximumPoolSize:5
2018-12-18 at 18:52:31 CST INFO  com.wangwenjun.concurrent.chapter08.test2.TestClient2 53 log - getPoolSize:0
2018-12-18 at 18:52:31 CST INFO  com.wangwenjun.concurrent.chapter08.test2.TestClient2 54 log - getTaskCount:0
2018-12-18 at 18:52:31 CST INFO  com.wangwenjun.concurrent.chapter08.test2.TestClient2 55 log - getQueue:0
2018-12-18 at 18:52:41 CST INFO  com.wangwenjun.concurrent.chapter08.test2.TestClient2 47 log - --------------------
2018-12-18 at 18:52:41 CST INFO  com.wangwenjun.concurrent.chapter08.test2.TestClient2 48 log - getActiveCount:5
2018-12-18 at 18:52:41 CST INFO  com.wangwenjun.concurrent.chapter08.test2.TestClient2 49 log - getCompletedTaskCount:0
2018-12-18 at 18:52:41 CST INFO  com.wangwenjun.concurrent.chapter08.test2.TestClient2 50 log - getCorePoolSize:3
2018-12-18 at 18:52:41 CST INFO  com.wangwenjun.concurrent.chapter08.test2.TestClient2 51 log - getLargestPoolSize:5
2018-12-18 at 18:52:41 CST INFO  com.wangwenjun.concurrent.chapter08.test2.TestClient2 52 log - getMaximumPoolSize:5
2018-12-18 at 18:52:41 CST INFO  com.wangwenjun.concurrent.chapter08.test2.TestClient2 53 log - getPoolSize:5
2018-12-18 at 18:52:41 CST INFO  com.wangwenjun.concurrent.chapter08.test2.TestClient2 54 log - getTaskCount:8
2018-12-18 at 18:52:41 CST INFO  com.wangwenjun.concurrent.chapter08.test2.TestClient2 55 log - getQueue:3
2018-12-18 at 18:54:28 CST INFO  com.wangwenjun.concurrent.chapter08.test2.TestClient2 47 log - --------------------
2018-12-18 at 18:54:28 CST INFO  com.wangwenjun.concurrent.chapter08.test2.TestClient2 48 log - getActiveCount:0
2018-12-18 at 18:54:28 CST INFO  com.wangwenjun.concurrent.chapter08.test2.TestClient2 49 log - getCompletedTaskCount:0
2018-12-18 at 18:54:28 CST INFO  com.wangwenjun.concurrent.chapter08.test2.TestClient2 50 log - getCorePoolSize:3
2018-12-18 at 18:54:28 CST INFO  com.wangwenjun.concurrent.chapter08.test2.TestClient2 51 log - getLargestPoolSize:0
2018-12-18 at 18:54:28 CST INFO  com.wangwenjun.concurrent.chapter08.test2.TestClient2 52 log - getMaximumPoolSize:5
2018-12-18 at 18:54:28 CST INFO  com.wangwenjun.concurrent.chapter08.test2.TestClient2 53 log - getPoolSize:0
2018-12-18 at 18:54:28 CST INFO  com.wangwenjun.concurrent.chapter08.test2.TestClient2 54 log - getTaskCount:0
2018-12-18 at 18:54:28 CST INFO  com.wangwenjun.concurrent.chapter08.test2.TestClient2 55 log - getQueue:0
2018-12-18 at 18:54:48 CST INFO  com.wangwenjun.concurrent.chapter08.test2.TestClient2 47 log - --------------------
2018-12-18 at 18:54:48 CST INFO  com.wangwenjun.concurrent.chapter08.test2.TestClient2 48 log - getActiveCount:5
2018-12-18 at 18:54:48 CST INFO  com.wangwenjun.concurrent.chapter08.test2.TestClient2 49 log - getCompletedTaskCount:0
2018-12-18 at 18:54:48 CST INFO  com.wangwenjun.concurrent.chapter08.test2.TestClient2 50 log - getCorePoolSize:3
2018-12-18 at 18:54:48 CST INFO  com.wangwenjun.concurrent.chapter08.test2.TestClient2 51 log - getLargestPoolSize:5
2018-12-18 at 18:54:48 CST INFO  com.wangwenjun.concurrent.chapter08.test2.TestClient2 52 log - getMaximumPoolSize:5
2018-12-18 at 18:54:48 CST INFO  com.wangwenjun.concurrent.chapter08.test2.TestClient2 53 log - getPoolSize:5
2018-12-18 at 18:54:48 CST INFO  com.wangwenjun.concurrent.chapter08.test2.TestClient2 54 log - getTaskCount:8
2018-12-18 at 18:54:48 CST INFO  com.wangwenjun.concurrent.chapter08.test2.TestClient2 55 log - getQueue:3
2018-12-18 at 18:55:33 CST INFO  com.wangwenjun.concurrent.chapter08.test2.TestClient2 47 log - --------------------
2018-12-18 at 18:55:33 CST INFO  com.wangwenjun.concurrent.chapter08.test2.TestClient2 48 log - getActiveCount:0
2018-12-18 at 18:55:33 CST INFO  com.wangwenjun.concurrent.chapter08.test2.TestClient2 49 log - getCompletedTaskCount:0
2018-12-18 at 18:55:33 CST INFO  com.wangwenjun.concurrent.chapter08.test2.TestClient2 50 log - getCorePoolSize:2
2018-12-18 at 18:55:33 CST INFO  com.wangwenjun.concurrent.chapter08.test2.TestClient2 51 log - getLargestPoolSize:0
2018-12-18 at 18:55:33 CST INFO  com.wangwenjun.concurrent.chapter08.test2.TestClient2 52 log - getMaximumPoolSize:5
2018-12-18 at 18:55:33 CST INFO  com.wangwenjun.concurrent.chapter08.test2.TestClient2 53 log - getPoolSize:0
2018-12-18 at 18:55:33 CST INFO  com.wangwenjun.concurrent.chapter08.test2.TestClient2 54 log - getTaskCount:0
2018-12-18 at 18:55:33 CST INFO  com.wangwenjun.concurrent.chapter08.test2.TestClient2 55 log - getQueue:0
2018-12-18 at 18:55:53 CST INFO  com.wangwenjun.concurrent.chapter08.test2.TestClient2 47 log - --------------------
2018-12-18 at 18:55:53 CST INFO  com.wangwenjun.concurrent.chapter08.test2.TestClient2 48 log - getActiveCount:5
2018-12-18 at 18:55:53 CST INFO  com.wangwenjun.concurrent.chapter08.test2.TestClient2 49 log - getCompletedTaskCount:0
2018-12-18 at 18:55:53 CST INFO  com.wangwenjun.concurrent.chapter08.test2.TestClient2 50 log - getCorePoolSize:2
2018-12-18 at 18:55:53 CST INFO  com.wangwenjun.concurrent.chapter08.test2.TestClient2 51 log - getLargestPoolSize:5
2018-12-18 at 18:55:53 CST INFO  com.wangwenjun.concurrent.chapter08.test2.TestClient2 52 log - getMaximumPoolSize:5
2018-12-18 at 18:55:53 CST INFO  com.wangwenjun.concurrent.chapter08.test2.TestClient2 53 log - getPoolSize:5
2018-12-18 at 18:55:53 CST INFO  com.wangwenjun.concurrent.chapter08.test2.TestClient2 54 log - getTaskCount:8
2018-12-18 at 18:55:53 CST INFO  com.wangwenjun.concurrent.chapter08.test2.TestClient2 55 log - getQueue:3
2018-12-18 at 18:58:33 CST INFO  com.wangwenjun.concurrent.chapter08.test2.TestClient2 47 log - --------------------
2018-12-18 at 18:58:33 CST INFO  com.wangwenjun.concurrent.chapter08.test2.TestClient2 48 log - getActiveCount:0
2018-12-18 at 18:58:33 CST INFO  com.wangwenjun.concurrent.chapter08.test2.TestClient2 49 log - getCompletedTaskCount:0
2018-12-18 at 18:58:33 CST INFO  com.wangwenjun.concurrent.chapter08.test2.TestClient2 50 log - getCorePoolSize:2
2018-12-18 at 18:58:33 CST INFO  com.wangwenjun.concurrent.chapter08.test2.TestClient2 51 log - getLargestPoolSize:0
2018-12-18 at 18:58:33 CST INFO  com.wangwenjun.concurrent.chapter08.test2.TestClient2 52 log - getMaximumPoolSize:4
2018-12-18 at 18:58:33 CST INFO  com.wangwenjun.concurrent.chapter08.test2.TestClient2 53 log - getPoolSize:0
2018-12-18 at 18:58:33 CST INFO  com.wangwenjun.concurrent.chapter08.test2.TestClient2 54 log - getTaskCount:0
2018-12-18 at 18:58:33 CST INFO  com.wangwenjun.concurrent.chapter08.test2.TestClient2 55 log - getQueue:0
2018-12-18 at 18:58:53 CST INFO  com.wangwenjun.concurrent.chapter08.test2.TestClient2 47 log - --------------------
2018-12-18 at 18:58:53 CST INFO  com.wangwenjun.concurrent.chapter08.test2.TestClient2 48 log - getActiveCount:4
2018-12-18 at 18:58:53 CST INFO  com.wangwenjun.concurrent.chapter08.test2.TestClient2 49 log - getCompletedTaskCount:0
2018-12-18 at 18:58:53 CST INFO  com.wangwenjun.concurrent.chapter08.test2.TestClient2 50 log - getCorePoolSize:2
2018-12-18 at 18:58:53 CST INFO  com.wangwenjun.concurrent.chapter08.test2.TestClient2 51 log - getLargestPoolSize:4
2018-12-18 at 18:58:53 CST INFO  com.wangwenjun.concurrent.chapter08.test2.TestClient2 52 log - getMaximumPoolSize:4
2018-12-18 at 18:58:53 CST INFO  com.wangwenjun.concurrent.chapter08.test2.TestClient2 53 log - getPoolSize:4
2018-12-18 at 18:58:53 CST INFO  com.wangwenjun.concurrent.chapter08.test2.TestClient2 54 log - getTaskCount:6
2018-12-18 at 18:58:53 CST INFO  com.wangwenjun.concurrent.chapter08.test2.TestClient2 55 log - getQueue:2
2018-12-18 at 18:59:21 CST INFO  com.wangwenjun.concurrent.chapter08.test2.TestClient2 47 log - --------------------
2018-12-18 at 18:59:21 CST INFO  com.wangwenjun.concurrent.chapter08.test2.TestClient2 48 log - getActiveCount:0
2018-12-18 at 18:59:21 CST INFO  com.wangwenjun.concurrent.chapter08.test2.TestClient2 49 log - getCompletedTaskCount:0
2018-12-18 at 18:59:21 CST INFO  com.wangwenjun.concurrent.chapter08.test2.TestClient2 50 log - getCorePoolSize:2
2018-12-18 at 18:59:21 CST INFO  com.wangwenjun.concurrent.chapter08.test2.TestClient2 51 log - getLargestPoolSize:0
2018-12-18 at 18:59:21 CST INFO  com.wangwenjun.concurrent.chapter08.test2.TestClient2 52 log - getMaximumPoolSize:3
2018-12-18 at 18:59:21 CST INFO  com.wangwenjun.concurrent.chapter08.test2.TestClient2 53 log - getPoolSize:0
2018-12-18 at 18:59:21 CST INFO  com.wangwenjun.concurrent.chapter08.test2.TestClient2 54 log - getTaskCount:0
2018-12-18 at 18:59:21 CST INFO  com.wangwenjun.concurrent.chapter08.test2.TestClient2 55 log - getQueue:0
2018-12-18 at 18:59:31 CST INFO  com.wangwenjun.concurrent.chapter08.test2.TestClient2 47 log - --------------------
2018-12-18 at 18:59:31 CST INFO  com.wangwenjun.concurrent.chapter08.test2.TestClient2 48 log - getActiveCount:0
2018-12-18 at 18:59:31 CST INFO  com.wangwenjun.concurrent.chapter08.test2.TestClient2 49 log - getCompletedTaskCount:0
2018-12-18 at 18:59:31 CST INFO  com.wangwenjun.concurrent.chapter08.test2.TestClient2 50 log - getCorePoolSize:2
2018-12-18 at 18:59:31 CST INFO  com.wangwenjun.concurrent.chapter08.test2.TestClient2 51 log - getLargestPoolSize:0
2018-12-18 at 18:59:31 CST INFO  com.wangwenjun.concurrent.chapter08.test2.TestClient2 52 log - getMaximumPoolSize:3
2018-12-18 at 18:59:31 CST INFO  com.wangwenjun.concurrent.chapter08.test2.TestClient2 53 log - getPoolSize:0
2018-12-18 at 18:59:31 CST INFO  com.wangwenjun.concurrent.chapter08.test2.TestClient2 54 log - getTaskCount:0
2018-12-18 at 18:59:31 CST INFO  com.wangwenjun.concurrent.chapter08.test2.TestClient2 55 log - getQueue:0
2018-12-18 at 18:59:51 CST INFO  com.wangwenjun.concurrent.chapter08.test2.TestClient2 47 log - --------------------
2018-12-18 at 18:59:51 CST INFO  com.wangwenjun.concurrent.chapter08.test2.TestClient2 48 log - getActiveCount:3
2018-12-18 at 18:59:51 CST INFO  com.wangwenjun.concurrent.chapter08.test2.TestClient2 49 log - getCompletedTaskCount:0
2018-12-18 at 18:59:51 CST INFO  com.wangwenjun.concurrent.chapter08.test2.TestClient2 50 log - getCorePoolSize:2
2018-12-18 at 18:59:51 CST INFO  com.wangwenjun.concurrent.chapter08.test2.TestClient2 51 log - getLargestPoolSize:3
2018-12-18 at 18:59:51 CST INFO  com.wangwenjun.concurrent.chapter08.test2.TestClient2 52 log - getMaximumPoolSize:3
2018-12-18 at 18:59:51 CST INFO  com.wangwenjun.concurrent.chapter08.test2.TestClient2 53 log - getPoolSize:3
2018-12-18 at 18:59:51 CST INFO  com.wangwenjun.concurrent.chapter08.test2.TestClient2 54 log - getTaskCount:7
2018-12-18 at 18:59:51 CST INFO  com.wangwenjun.concurrent.chapter08.test2.TestClient2 55 log - getQueue:4
2018-12-18 at 19:02:19 CST INFO  com.wangwenjun.concurrent.chapter08.test2.TestClient2 47 log - --------------------
2018-12-18 at 19:02:19 CST INFO  com.wangwenjun.concurrent.chapter08.test2.TestClient2 48 log - getActiveCount:0
2018-12-18 at 19:02:19 CST INFO  com.wangwenjun.concurrent.chapter08.test2.TestClient2 49 log - getCompletedTaskCount:0
2018-12-18 at 19:02:19 CST INFO  com.wangwenjun.concurrent.chapter08.test2.TestClient2 50 log - getCorePoolSize:2
2018-12-18 at 19:02:19 CST INFO  com.wangwenjun.concurrent.chapter08.test2.TestClient2 51 log - getLargestPoolSize:0
2018-12-18 at 19:02:19 CST INFO  com.wangwenjun.concurrent.chapter08.test2.TestClient2 52 log - getMaximumPoolSize:8
2018-12-18 at 19:02:19 CST INFO  com.wangwenjun.concurrent.chapter08.test2.TestClient2 53 log - getPoolSize:0
2018-12-18 at 19:02:19 CST INFO  com.wangwenjun.concurrent.chapter08.test2.TestClient2 54 log - getTaskCount:0
2018-12-18 at 19:02:19 CST INFO  com.wangwenjun.concurrent.chapter08.test2.TestClient2 55 log - getQueue:0
2018-12-18 at 19:02:38 CST INFO  com.wangwenjun.concurrent.chapter08.test2.TestClient2 48 log - --------------------
2018-12-18 at 19:02:38 CST INFO  com.wangwenjun.concurrent.chapter08.test2.TestClient2 49 log - getActiveCount:0
2018-12-18 at 19:02:38 CST INFO  com.wangwenjun.concurrent.chapter08.test2.TestClient2 50 log - getCompletedTaskCount:0
2018-12-18 at 19:02:38 CST INFO  com.wangwenjun.concurrent.chapter08.test2.TestClient2 51 log - getCorePoolSize:2
2018-12-18 at 19:02:38 CST INFO  com.wangwenjun.concurrent.chapter08.test2.TestClient2 52 log - getLargestPoolSize:0
2018-12-18 at 19:02:38 CST INFO  com.wangwenjun.concurrent.chapter08.test2.TestClient2 53 log - getMaximumPoolSize:8
2018-12-18 at 19:02:38 CST INFO  com.wangwenjun.concurrent.chapter08.test2.TestClient2 54 log - getPoolSize:0
2018-12-18 at 19:02:38 CST INFO  com.wangwenjun.concurrent.chapter08.test2.TestClient2 55 log - getTaskCount:0
2018-12-18 at 19:02:38 CST INFO  com.wangwenjun.concurrent.chapter08.test2.TestClient2 56 log - getQueue:0
2018-12-18 at 19:02:38 CST INFO  com.wangwenjun.concurrent.chapter08.test2.TestClient2 48 log - --------------------
2018-12-18 at 19:02:38 CST INFO  com.wangwenjun.concurrent.chapter08.test2.TestClient2 49 log - getActiveCount:8
2018-12-18 at 19:02:38 CST INFO  com.wangwenjun.concurrent.chapter08.test2.TestClient2 50 log - getCompletedTaskCount:0
2018-12-18 at 19:02:38 CST INFO  com.wangwenjun.concurrent.chapter08.test2.TestClient2 51 log - getCorePoolSize:2
2018-12-18 at 19:02:38 CST INFO  com.wangwenjun.concurrent.chapter08.test2.TestClient2 52 log - getLargestPoolSize:8
2018-12-18 at 19:02:38 CST INFO  com.wangwenjun.concurrent.chapter08.test2.TestClient2 53 log - getMaximumPoolSize:8
2018-12-18 at 19:02:38 CST INFO  com.wangwenjun.concurrent.chapter08.test2.TestClient2 54 log - getPoolSize:8
2018-12-18 at 19:02:38 CST INFO  com.wangwenjun.concurrent.chapter08.test2.TestClient2 55 log - getTaskCount:20
2018-12-18 at 19:02:38 CST INFO  com.wangwenjun.concurrent.chapter08.test2.TestClient2 56 log - getQueue:12
2018-12-18 at 19:02:58 CST INFO  com.wangwenjun.concurrent.chapter08.test2.TestClient2 48 log - --------------------
2018-12-18 at 19:02:58 CST INFO  com.wangwenjun.concurrent.chapter08.test2.TestClient2 49 log - getActiveCount:4
2018-12-18 at 19:02:58 CST INFO  com.wangwenjun.concurrent.chapter08.test2.TestClient2 50 log - getCompletedTaskCount:16
2018-12-18 at 19:02:58 CST INFO  com.wangwenjun.concurrent.chapter08.test2.TestClient2 51 log - getCorePoolSize:2
2018-12-18 at 19:02:58 CST INFO  com.wangwenjun.concurrent.chapter08.test2.TestClient2 52 log - getLargestPoolSize:8
2018-12-18 at 19:02:58 CST INFO  com.wangwenjun.concurrent.chapter08.test2.TestClient2 53 log - getMaximumPoolSize:8
2018-12-18 at 19:02:58 CST INFO  com.wangwenjun.concurrent.chapter08.test2.TestClient2 54 log - getPoolSize:8
2018-12-18 at 19:02:58 CST INFO  com.wangwenjun.concurrent.chapter08.test2.TestClient2 55 log - getTaskCount:20
2018-12-18 at 19:02:58 CST INFO  com.wangwenjun.concurrent.chapter08.test2.TestClient2 56 log - getQueue:0
2018-12-18 at 19:04:34 CST INFO  com.wangwenjun.concurrent.chapter08.test2.TestClient2 51 log - --------------------
2018-12-18 at 19:04:34 CST INFO  com.wangwenjun.concurrent.chapter08.test2.TestClient2 52 log - getActiveCount:0
2018-12-18 at 19:04:34 CST INFO  com.wangwenjun.concurrent.chapter08.test2.TestClient2 53 log - getCompletedTaskCount:0
2018-12-18 at 19:04:34 CST INFO  com.wangwenjun.concurrent.chapter08.test2.TestClient2 54 log - getCorePoolSize:2
2018-12-18 at 19:04:34 CST INFO  com.wangwenjun.concurrent.chapter08.test2.TestClient2 55 log - getLargestPoolSize:0
2018-12-18 at 19:04:34 CST INFO  com.wangwenjun.concurrent.chapter08.test2.TestClient2 56 log - getMaximumPoolSize:8
2018-12-18 at 19:04:34 CST INFO  com.wangwenjun.concurrent.chapter08.test2.TestClient2 57 log - getPoolSize:0
2018-12-18 at 19:04:34 CST INFO  com.wangwenjun.concurrent.chapter08.test2.TestClient2 58 log - getTaskCount:0
2018-12-18 at 19:04:34 CST INFO  com.wangwenjun.concurrent.chapter08.test2.TestClient2 59 log - getQueue:0
2018-12-18 at 19:04:34 CST INFO  com.wangwenjun.concurrent.chapter08.test2.TestClient2 51 log - --------------------
2018-12-18 at 19:04:34 CST INFO  com.wangwenjun.concurrent.chapter08.test2.TestClient2 52 log - getActiveCount:8
2018-12-18 at 19:04:34 CST INFO  com.wangwenjun.concurrent.chapter08.test2.TestClient2 53 log - getCompletedTaskCount:0
2018-12-18 at 19:04:34 CST INFO  com.wangwenjun.concurrent.chapter08.test2.TestClient2 54 log - getCorePoolSize:2
2018-12-18 at 19:04:34 CST INFO  com.wangwenjun.concurrent.chapter08.test2.TestClient2 55 log - getLargestPoolSize:8
2018-12-18 at 19:04:34 CST INFO  com.wangwenjun.concurrent.chapter08.test2.TestClient2 56 log - getMaximumPoolSize:8
2018-12-18 at 19:04:34 CST INFO  com.wangwenjun.concurrent.chapter08.test2.TestClient2 57 log - getPoolSize:8
2018-12-18 at 19:04:34 CST INFO  com.wangwenjun.concurrent.chapter08.test2.TestClient2 58 log - getTaskCount:20
2018-12-18 at 19:04:34 CST INFO  com.wangwenjun.concurrent.chapter08.test2.TestClient2 59 log - getQueue:12
2018-12-18 at 19:04:54 CST INFO  com.wangwenjun.concurrent.chapter08.test2.TestClient2 51 log - --------------------
2018-12-18 at 19:04:54 CST INFO  com.wangwenjun.concurrent.chapter08.test2.TestClient2 52 log - getActiveCount:5
2018-12-18 at 19:04:54 CST INFO  com.wangwenjun.concurrent.chapter08.test2.TestClient2 53 log - getCompletedTaskCount:15
2018-12-18 at 19:04:54 CST INFO  com.wangwenjun.concurrent.chapter08.test2.TestClient2 54 log - getCorePoolSize:2
2018-12-18 at 19:04:54 CST INFO  com.wangwenjun.concurrent.chapter08.test2.TestClient2 55 log - getLargestPoolSize:8
2018-12-18 at 19:04:54 CST INFO  com.wangwenjun.concurrent.chapter08.test2.TestClient2 56 log - getMaximumPoolSize:8
2018-12-18 at 19:04:54 CST INFO  com.wangwenjun.concurrent.chapter08.test2.TestClient2 57 log - getPoolSize:8
2018-12-18 at 19:04:54 CST INFO  com.wangwenjun.concurrent.chapter08.test2.TestClient2 58 log - getTaskCount:20
2018-12-18 at 19:04:54 CST INFO  com.wangwenjun.concurrent.chapter08.test2.TestClient2 59 log - getQueue:0
2018-12-18 at 19:05:14 CST INFO  com.wangwenjun.concurrent.chapter08.test2.TestClient2 51 log - --------------------
2018-12-18 at 19:05:14 CST INFO  com.wangwenjun.concurrent.chapter08.test2.TestClient2 52 log - getActiveCount:0
2018-12-18 at 19:05:14 CST INFO  com.wangwenjun.concurrent.chapter08.test2.TestClient2 53 log - getCompletedTaskCount:20
2018-12-18 at 19:05:14 CST INFO  com.wangwenjun.concurrent.chapter08.test2.TestClient2 54 log - getCorePoolSize:2
2018-12-18 at 19:05:14 CST INFO  com.wangwenjun.concurrent.chapter08.test2.TestClient2 55 log - getLargestPoolSize:8
2018-12-18 at 19:05:14 CST INFO  com.wangwenjun.concurrent.chapter08.test2.TestClient2 56 log - getMaximumPoolSize:8
2018-12-18 at 19:05:14 CST INFO  com.wangwenjun.concurrent.chapter08.test2.TestClient2 57 log - getPoolSize:8
2018-12-18 at 19:05:14 CST INFO  com.wangwenjun.concurrent.chapter08.test2.TestClient2 58 log - getTaskCount:20
2018-12-18 at 19:05:14 CST INFO  com.wangwenjun.concurrent.chapter08.test2.TestClient2 59 log - getQueue:0
