2018-12-13 at 19:48:30 CST INFO  datastructure.u_12_AVLTree.t_07_Remove_Elements_in_AVL_Tree.src.AVLTree 145 add - put:100
2018-12-13 at 19:48:30 CST INFO  datastructure.u_12_AVLTree.t_07_Remove_Elements_in_AVL_Tree.src.AVLTree 149 add - end:100
2018-12-13 at 19:48:30 CST INFO  datastructure.u_12_AVLTree.t_07_Remove_Elements_in_AVL_Tree.src.AVLTree 150 add - -----:
2018-12-13 at 19:48:30 CST INFO  datastructure.u_12_AVLTree.t_07_Remove_Elements_in_AVL_Tree.src.AVLTree 153 add - -----sb:100,
2018-12-13 at 19:48:30 CST INFO  datastructure.u_12_AVLTree.t_07_Remove_Elements_in_AVL_Tree.src.AVLTree 145 add - put:50
2018-12-13 at 19:48:30 CST INFO  datastructure.u_12_AVLTree.t_07_Remove_Elements_in_AVL_Tree.src.AVLTree 177 add - node:100,fact:1
2018-12-13 at 19:48:30 CST INFO  datastructure.u_12_AVLTree.t_07_Remove_Elements_in_AVL_Tree.src.AVLTree 149 add - end:50
2018-12-13 at 19:48:30 CST INFO  datastructure.u_12_AVLTree.t_07_Remove_Elements_in_AVL_Tree.src.AVLTree 150 add - -----:
2018-12-13 at 19:48:30 CST INFO  datastructure.u_12_AVLTree.t_07_Remove_Elements_in_AVL_Tree.src.AVLTree 153 add - -----sb:100,50,
2018-12-13 at 19:48:30 CST INFO  datastructure.u_12_AVLTree.t_07_Remove_Elements_in_AVL_Tree.src.AVLTree 145 add - put:140
2018-12-13 at 19:48:30 CST INFO  datastructure.u_12_AVLTree.t_07_Remove_Elements_in_AVL_Tree.src.AVLTree 177 add - node:100,fact:0
2018-12-13 at 19:48:30 CST INFO  datastructure.u_12_AVLTree.t_07_Remove_Elements_in_AVL_Tree.src.AVLTree 149 add - end:140
2018-12-13 at 19:48:30 CST INFO  datastructure.u_12_AVLTree.t_07_Remove_Elements_in_AVL_Tree.src.AVLTree 150 add - -----:
2018-12-13 at 19:48:30 CST INFO  datastructure.u_12_AVLTree.t_07_Remove_Elements_in_AVL_Tree.src.AVLTree 153 add - -----sb:100,50,140,
2018-12-13 at 19:48:30 CST INFO  datastructure.u_12_AVLTree.t_07_Remove_Elements_in_AVL_Tree.src.AVLTree 145 add - put:145
2018-12-13 at 19:48:30 CST INFO  datastructure.u_12_AVLTree.t_07_Remove_Elements_in_AVL_Tree.src.AVLTree 177 add - node:140,fact:-1
2018-12-13 at 19:48:30 CST INFO  datastructure.u_12_AVLTree.t_07_Remove_Elements_in_AVL_Tree.src.AVLTree 177 add - node:100,fact:-1
2018-12-13 at 19:48:30 CST INFO  datastructure.u_12_AVLTree.t_07_Remove_Elements_in_AVL_Tree.src.AVLTree 149 add - end:145
2018-12-13 at 19:48:30 CST INFO  datastructure.u_12_AVLTree.t_07_Remove_Elements_in_AVL_Tree.src.AVLTree 150 add - -----:
2018-12-13 at 19:48:30 CST INFO  datastructure.u_12_AVLTree.t_07_Remove_Elements_in_AVL_Tree.src.AVLTree 153 add - -----sb:100,50,140,145,
2018-12-13 at 19:48:30 CST INFO  datastructure.u_12_AVLTree.t_07_Remove_Elements_in_AVL_Tree.src.AVLTree 145 add - put:40
2018-12-13 at 19:48:30 CST INFO  datastructure.u_12_AVLTree.t_07_Remove_Elements_in_AVL_Tree.src.AVLTree 177 add - node:50,fact:1
2018-12-13 at 19:48:30 CST INFO  datastructure.u_12_AVLTree.t_07_Remove_Elements_in_AVL_Tree.src.AVLTree 177 add - node:100,fact:0
2018-12-13 at 19:48:30 CST INFO  datastructure.u_12_AVLTree.t_07_Remove_Elements_in_AVL_Tree.src.AVLTree 149 add - end:40
2018-12-13 at 19:48:30 CST INFO  datastructure.u_12_AVLTree.t_07_Remove_Elements_in_AVL_Tree.src.AVLTree 150 add - -----:
2018-12-13 at 19:48:30 CST INFO  datastructure.u_12_AVLTree.t_07_Remove_Elements_in_AVL_Tree.src.AVLTree 153 add - -----sb:100,50,140,40,145,
2018-12-13 at 19:48:30 CST INFO  datastructure.u_12_AVLTree.t_07_Remove_Elements_in_AVL_Tree.src.AVLTree 145 add - put:150
2018-12-13 at 19:48:30 CST INFO  datastructure.u_12_AVLTree.t_07_Remove_Elements_in_AVL_Tree.src.AVLTree 177 add - node:145,fact:-1
2018-12-13 at 19:48:30 CST INFO  datastructure.u_12_AVLTree.t_07_Remove_Elements_in_AVL_Tree.src.AVLTree 177 add - node:140,fact:-2
2018-12-13 at 19:48:30 CST INFO  datastructure.u_12_AVLTree.t_07_Remove_Elements_in_AVL_Tree.src.AVLTree 177 add - node:100,fact:0
2018-12-13 at 19:48:30 CST INFO  datastructure.u_12_AVLTree.t_07_Remove_Elements_in_AVL_Tree.src.AVLTree 149 add - end:150
2018-12-13 at 19:48:30 CST INFO  datastructure.u_12_AVLTree.t_07_Remove_Elements_in_AVL_Tree.src.AVLTree 150 add - -----:
2018-12-13 at 19:48:30 CST INFO  datastructure.u_12_AVLTree.t_07_Remove_Elements_in_AVL_Tree.src.AVLTree 153 add - -----sb:100,50,145,40,140,150,
2018-12-13 at 19:48:30 CST INFO  datastructure.u_12_AVLTree.t_07_Remove_Elements_in_AVL_Tree.src.AVLTree 145 add - put:70
2018-12-13 at 19:48:30 CST INFO  datastructure.u_12_AVLTree.t_07_Remove_Elements_in_AVL_Tree.src.AVLTree 177 add - node:50,fact:0
2018-12-13 at 19:48:30 CST INFO  datastructure.u_12_AVLTree.t_07_Remove_Elements_in_AVL_Tree.src.AVLTree 177 add - node:100,fact:0
2018-12-13 at 19:48:30 CST INFO  datastructure.u_12_AVLTree.t_07_Remove_Elements_in_AVL_Tree.src.AVLTree 149 add - end:70
2018-12-13 at 19:48:30 CST INFO  datastructure.u_12_AVLTree.t_07_Remove_Elements_in_AVL_Tree.src.AVLTree 150 add - -----:
2018-12-13 at 19:48:30 CST INFO  datastructure.u_12_AVLTree.t_07_Remove_Elements_in_AVL_Tree.src.AVLTree 153 add - -----sb:100,50,145,40,70,140,150,
2018-12-13 at 19:48:30 CST INFO  datastructure.u_12_AVLTree.t_07_Remove_Elements_in_AVL_Tree.src.AVLTree 145 add - put:130
2018-12-13 at 19:48:30 CST INFO  datastructure.u_12_AVLTree.t_07_Remove_Elements_in_AVL_Tree.src.AVLTree 177 add - node:140,fact:1
2018-12-13 at 19:48:30 CST INFO  datastructure.u_12_AVLTree.t_07_Remove_Elements_in_AVL_Tree.src.AVLTree 177 add - node:145,fact:1
2018-12-13 at 19:48:30 CST INFO  datastructure.u_12_AVLTree.t_07_Remove_Elements_in_AVL_Tree.src.AVLTree 177 add - node:100,fact:-1
2018-12-13 at 19:48:30 CST INFO  datastructure.u_12_AVLTree.t_07_Remove_Elements_in_AVL_Tree.src.AVLTree 149 add - end:130
2018-12-13 at 19:48:30 CST INFO  datastructure.u_12_AVLTree.t_07_Remove_Elements_in_AVL_Tree.src.AVLTree 150 add - -----:
2018-12-13 at 19:48:30 CST INFO  datastructure.u_12_AVLTree.t_07_Remove_Elements_in_AVL_Tree.src.AVLTree 153 add - -----sb:100,50,145,40,70,140,150,130,
2018-12-13 at 19:48:30 CST INFO  datastructure.u_12_AVLTree.t_07_Remove_Elements_in_AVL_Tree.src.AVLTree 145 add - put:20
2018-12-13 at 19:48:30 CST INFO  datastructure.u_12_AVLTree.t_07_Remove_Elements_in_AVL_Tree.src.AVLTree 177 add - node:40,fact:1
2018-12-13 at 19:48:30 CST INFO  datastructure.u_12_AVLTree.t_07_Remove_Elements_in_AVL_Tree.src.AVLTree 177 add - node:50,fact:1
2018-12-13 at 19:48:30 CST INFO  datastructure.u_12_AVLTree.t_07_Remove_Elements_in_AVL_Tree.src.AVLTree 177 add - node:100,fact:0
2018-12-13 at 19:48:30 CST INFO  datastructure.u_12_AVLTree.t_07_Remove_Elements_in_AVL_Tree.src.AVLTree 149 add - end:20
2018-12-13 at 19:48:30 CST INFO  datastructure.u_12_AVLTree.t_07_Remove_Elements_in_AVL_Tree.src.AVLTree 150 add - -----:
2018-12-13 at 19:48:30 CST INFO  datastructure.u_12_AVLTree.t_07_Remove_Elements_in_AVL_Tree.src.AVLTree 153 add - -----sb:100,50,145,40,70,140,150,20,130,
2018-12-13 at 19:48:30 CST INFO  datastructure.u_12_AVLTree.t_07_Remove_Elements_in_AVL_Tree.src.AVLTree 145 add - put:125
2018-12-13 at 19:48:30 CST INFO  datastructure.u_12_AVLTree.t_07_Remove_Elements_in_AVL_Tree.src.AVLTree 177 add - node:130,fact:1
2018-12-13 at 19:48:30 CST INFO  datastructure.u_12_AVLTree.t_07_Remove_Elements_in_AVL_Tree.src.AVLTree 177 add - node:140,fact:2
2018-12-13 at 19:48:30 CST INFO  datastructure.u_12_AVLTree.t_07_Remove_Elements_in_AVL_Tree.src.AVLTree 177 add - node:145,fact:1
2018-12-13 at 19:48:30 CST INFO  datastructure.u_12_AVLTree.t_07_Remove_Elements_in_AVL_Tree.src.AVLTree 177 add - node:100,fact:0
2018-12-13 at 19:48:30 CST INFO  datastructure.u_12_AVLTree.t_07_Remove_Elements_in_AVL_Tree.src.AVLTree 149 add - end:125
2018-12-13 at 19:48:30 CST INFO  datastructure.u_12_AVLTree.t_07_Remove_Elements_in_AVL_Tree.src.AVLTree 150 add - -----:
2018-12-13 at 19:48:30 CST INFO  datastructure.u_12_AVLTree.t_07_Remove_Elements_in_AVL_Tree.src.AVLTree 153 add - -----sb:100,50,145,40,70,130,150,20,125,140,
2018-12-13 at 19:48:30 CST INFO  datastructure.u_12_AVLTree.t_07_Remove_Elements_in_AVL_Tree.src.AVLTree 145 add - put:135
2018-12-13 at 19:48:30 CST INFO  datastructure.u_12_AVLTree.t_07_Remove_Elements_in_AVL_Tree.src.AVLTree 177 add - node:140,fact:1
2018-12-13 at 19:48:30 CST INFO  datastructure.u_12_AVLTree.t_07_Remove_Elements_in_AVL_Tree.src.AVLTree 177 add - node:130,fact:-1
2018-12-13 at 19:48:30 CST INFO  datastructure.u_12_AVLTree.t_07_Remove_Elements_in_AVL_Tree.src.AVLTree 177 add - node:145,fact:2
2018-12-13 at 19:48:30 CST INFO  datastructure.u_12_AVLTree.t_07_Remove_Elements_in_AVL_Tree.src.AVLTree 177 add - node:100,fact:0
2018-12-13 at 19:48:30 CST INFO  datastructure.u_12_AVLTree.t_07_Remove_Elements_in_AVL_Tree.src.AVLTree 149 add - end:135
2018-12-13 at 19:48:30 CST INFO  datastructure.u_12_AVLTree.t_07_Remove_Elements_in_AVL_Tree.src.AVLTree 150 add - -----:
2018-12-13 at 19:48:30 CST INFO  datastructure.u_12_AVLTree.t_07_Remove_Elements_in_AVL_Tree.src.AVLTree 153 add - -----sb:100,50,140,40,70,130,145,20,125,135,150,
2018-12-13 at 19:48:30 CST INFO  datastructure.u_12_AVLTree.t_07_Remove_Elements_in_AVL_Tree.src.AVLTree 145 add - put:147
2018-12-13 at 19:48:30 CST INFO  datastructure.u_12_AVLTree.t_07_Remove_Elements_in_AVL_Tree.src.AVLTree 177 add - node:150,fact:1
2018-12-13 at 19:48:30 CST INFO  datastructure.u_12_AVLTree.t_07_Remove_Elements_in_AVL_Tree.src.AVLTree 177 add - node:145,fact:-2
2018-12-13 at 19:48:30 CST INFO  datastructure.u_12_AVLTree.t_07_Remove_Elements_in_AVL_Tree.src.AVLTree 177 add - node:140,fact:0
2018-12-13 at 19:48:30 CST INFO  datastructure.u_12_AVLTree.t_07_Remove_Elements_in_AVL_Tree.src.AVLTree 177 add - node:100,fact:0
2018-12-13 at 19:48:30 CST INFO  datastructure.u_12_AVLTree.t_07_Remove_Elements_in_AVL_Tree.src.AVLTree 149 add - end:147
2018-12-13 at 19:48:30 CST INFO  datastructure.u_12_AVLTree.t_07_Remove_Elements_in_AVL_Tree.src.AVLTree 150 add - -----:
2018-12-13 at 19:48:30 CST INFO  datastructure.u_12_AVLTree.t_07_Remove_Elements_in_AVL_Tree.src.AVLTree 153 add - -----sb:100,50,140,40,70,130,147,20,125,135,145,150,
2018-12-13 at 19:48:30 CST INFO  datastructure.u_12_AVLTree.t_07_Remove_Elements_in_AVL_Tree.src.AVLTree 145 add - put:160
2018-12-13 at 19:48:30 CST INFO  datastructure.u_12_AVLTree.t_07_Remove_Elements_in_AVL_Tree.src.AVLTree 177 add - node:150,fact:-1
2018-12-13 at 19:48:30 CST INFO  datastructure.u_12_AVLTree.t_07_Remove_Elements_in_AVL_Tree.src.AVLTree 177 add - node:147,fact:-1
2018-12-13 at 19:48:30 CST INFO  datastructure.u_12_AVLTree.t_07_Remove_Elements_in_AVL_Tree.src.AVLTree 177 add - node:140,fact:-1
2018-12-13 at 19:48:30 CST INFO  datastructure.u_12_AVLTree.t_07_Remove_Elements_in_AVL_Tree.src.AVLTree 177 add - node:100,fact:-1
2018-12-13 at 19:48:30 CST INFO  datastructure.u_12_AVLTree.t_07_Remove_Elements_in_AVL_Tree.src.AVLTree 149 add - end:160
2018-12-13 at 19:48:30 CST INFO  datastructure.u_12_AVLTree.t_07_Remove_Elements_in_AVL_Tree.src.AVLTree 150 add - -----:
2018-12-13 at 19:48:30 CST INFO  datastructure.u_12_AVLTree.t_07_Remove_Elements_in_AVL_Tree.src.AVLTree 153 add - -----sb:100,50,140,40,70,130,147,20,125,135,145,150,160,
2018-12-13 at 19:49:15 CST INFO  datastructure.u_12_AVLTree.t_07_Remove_Elements_in_AVL_Tree.src.AVLTree 145 add - put:100
2018-12-13 at 19:49:15 CST INFO  datastructure.u_12_AVLTree.t_07_Remove_Elements_in_AVL_Tree.src.AVLTree 149 add - end:100
2018-12-13 at 19:49:15 CST INFO  datastructure.u_12_AVLTree.t_07_Remove_Elements_in_AVL_Tree.src.AVLTree 150 add - -----:
2018-12-13 at 19:49:15 CST INFO  datastructure.u_12_AVLTree.t_07_Remove_Elements_in_AVL_Tree.src.AVLTree 153 add - -----sb:100,
2018-12-13 at 19:49:15 CST INFO  datastructure.u_12_AVLTree.t_07_Remove_Elements_in_AVL_Tree.src.AVLTree 145 add - put:50
2018-12-13 at 19:49:15 CST INFO  datastructure.u_12_AVLTree.t_07_Remove_Elements_in_AVL_Tree.src.AVLTree 177 add - node:100,fact:1
2018-12-13 at 19:49:15 CST INFO  datastructure.u_12_AVLTree.t_07_Remove_Elements_in_AVL_Tree.src.AVLTree 149 add - end:50
2018-12-13 at 19:49:15 CST INFO  datastructure.u_12_AVLTree.t_07_Remove_Elements_in_AVL_Tree.src.AVLTree 150 add - -----:
2018-12-13 at 19:49:15 CST INFO  datastructure.u_12_AVLTree.t_07_Remove_Elements_in_AVL_Tree.src.AVLTree 153 add - -----sb:100,50,
2018-12-13 at 19:49:15 CST INFO  datastructure.u_12_AVLTree.t_07_Remove_Elements_in_AVL_Tree.src.AVLTree 145 add - put:140
2018-12-13 at 19:49:15 CST INFO  datastructure.u_12_AVLTree.t_07_Remove_Elements_in_AVL_Tree.src.AVLTree 177 add - node:100,fact:0
2018-12-13 at 19:49:15 CST INFO  datastructure.u_12_AVLTree.t_07_Remove_Elements_in_AVL_Tree.src.AVLTree 149 add - end:140
2018-12-13 at 19:49:15 CST INFO  datastructure.u_12_AVLTree.t_07_Remove_Elements_in_AVL_Tree.src.AVLTree 150 add - -----:
2018-12-13 at 19:49:15 CST INFO  datastructure.u_12_AVLTree.t_07_Remove_Elements_in_AVL_Tree.src.AVLTree 153 add - -----sb:100,50,140,
2018-12-13 at 19:49:15 CST INFO  datastructure.u_12_AVLTree.t_07_Remove_Elements_in_AVL_Tree.src.AVLTree 145 add - put:145
2018-12-13 at 19:49:15 CST INFO  datastructure.u_12_AVLTree.t_07_Remove_Elements_in_AVL_Tree.src.AVLTree 177 add - node:140,fact:-1
2018-12-13 at 19:49:15 CST INFO  datastructure.u_12_AVLTree.t_07_Remove_Elements_in_AVL_Tree.src.AVLTree 177 add - node:100,fact:-1
2018-12-13 at 19:49:15 CST INFO  datastructure.u_12_AVLTree.t_07_Remove_Elements_in_AVL_Tree.src.AVLTree 149 add - end:145
2018-12-13 at 19:49:15 CST INFO  datastructure.u_12_AVLTree.t_07_Remove_Elements_in_AVL_Tree.src.AVLTree 150 add - -----:
2018-12-13 at 19:49:15 CST INFO  datastructure.u_12_AVLTree.t_07_Remove_Elements_in_AVL_Tree.src.AVLTree 153 add - -----sb:100,50,140,145,
2018-12-13 at 19:49:15 CST INFO  datastructure.u_12_AVLTree.t_07_Remove_Elements_in_AVL_Tree.src.AVLTree 145 add - put:40
2018-12-13 at 19:49:15 CST INFO  datastructure.u_12_AVLTree.t_07_Remove_Elements_in_AVL_Tree.src.AVLTree 177 add - node:50,fact:1
2018-12-13 at 19:49:15 CST INFO  datastructure.u_12_AVLTree.t_07_Remove_Elements_in_AVL_Tree.src.AVLTree 177 add - node:100,fact:0
2018-12-13 at 19:49:15 CST INFO  datastructure.u_12_AVLTree.t_07_Remove_Elements_in_AVL_Tree.src.AVLTree 149 add - end:40
2018-12-13 at 19:49:15 CST INFO  datastructure.u_12_AVLTree.t_07_Remove_Elements_in_AVL_Tree.src.AVLTree 150 add - -----:
2018-12-13 at 19:49:15 CST INFO  datastructure.u_12_AVLTree.t_07_Remove_Elements_in_AVL_Tree.src.AVLTree 153 add - -----sb:100,50,140,40,145,
2018-12-13 at 19:49:15 CST INFO  datastructure.u_12_AVLTree.t_07_Remove_Elements_in_AVL_Tree.src.AVLTree 145 add - put:150
2018-12-13 at 19:49:15 CST INFO  datastructure.u_12_AVLTree.t_07_Remove_Elements_in_AVL_Tree.src.AVLTree 177 add - node:145,fact:-1
2018-12-13 at 19:49:15 CST INFO  datastructure.u_12_AVLTree.t_07_Remove_Elements_in_AVL_Tree.src.AVLTree 177 add - node:140,fact:-2
2018-12-13 at 19:49:15 CST INFO  datastructure.u_12_AVLTree.t_07_Remove_Elements_in_AVL_Tree.src.AVLTree 177 add - node:100,fact:0
2018-12-13 at 19:49:15 CST INFO  datastructure.u_12_AVLTree.t_07_Remove_Elements_in_AVL_Tree.src.AVLTree 149 add - end:150
2018-12-13 at 19:49:15 CST INFO  datastructure.u_12_AVLTree.t_07_Remove_Elements_in_AVL_Tree.src.AVLTree 150 add - -----:
2018-12-13 at 19:49:15 CST INFO  datastructure.u_12_AVLTree.t_07_Remove_Elements_in_AVL_Tree.src.AVLTree 153 add - -----sb:100,50,145,40,140,150,
2018-12-13 at 19:49:15 CST INFO  datastructure.u_12_AVLTree.t_07_Remove_Elements_in_AVL_Tree.src.AVLTree 145 add - put:70
2018-12-13 at 19:49:15 CST INFO  datastructure.u_12_AVLTree.t_07_Remove_Elements_in_AVL_Tree.src.AVLTree 177 add - node:50,fact:0
2018-12-13 at 19:49:15 CST INFO  datastructure.u_12_AVLTree.t_07_Remove_Elements_in_AVL_Tree.src.AVLTree 177 add - node:100,fact:0
2018-12-13 at 19:49:15 CST INFO  datastructure.u_12_AVLTree.t_07_Remove_Elements_in_AVL_Tree.src.AVLTree 149 add - end:70
2018-12-13 at 19:49:15 CST INFO  datastructure.u_12_AVLTree.t_07_Remove_Elements_in_AVL_Tree.src.AVLTree 150 add - -----:
2018-12-13 at 19:49:15 CST INFO  datastructure.u_12_AVLTree.t_07_Remove_Elements_in_AVL_Tree.src.AVLTree 153 add - -----sb:100,50,145,40,70,140,150,
2018-12-13 at 19:49:15 CST INFO  datastructure.u_12_AVLTree.t_07_Remove_Elements_in_AVL_Tree.src.AVLTree 145 add - put:130
2018-12-13 at 19:49:15 CST INFO  datastructure.u_12_AVLTree.t_07_Remove_Elements_in_AVL_Tree.src.AVLTree 177 add - node:140,fact:1
2018-12-13 at 19:49:15 CST INFO  datastructure.u_12_AVLTree.t_07_Remove_Elements_in_AVL_Tree.src.AVLTree 177 add - node:145,fact:1
2018-12-13 at 19:49:15 CST INFO  datastructure.u_12_AVLTree.t_07_Remove_Elements_in_AVL_Tree.src.AVLTree 177 add - node:100,fact:-1
2018-12-13 at 19:49:15 CST INFO  datastructure.u_12_AVLTree.t_07_Remove_Elements_in_AVL_Tree.src.AVLTree 149 add - end:130
2018-12-13 at 19:49:15 CST INFO  datastructure.u_12_AVLTree.t_07_Remove_Elements_in_AVL_Tree.src.AVLTree 150 add - -----:
2018-12-13 at 19:49:15 CST INFO  datastructure.u_12_AVLTree.t_07_Remove_Elements_in_AVL_Tree.src.AVLTree 153 add - -----sb:100,50,145,40,70,140,150,130,
2018-12-13 at 19:49:15 CST INFO  datastructure.u_12_AVLTree.t_07_Remove_Elements_in_AVL_Tree.src.AVLTree 145 add - put:20
2018-12-13 at 19:49:15 CST INFO  datastructure.u_12_AVLTree.t_07_Remove_Elements_in_AVL_Tree.src.AVLTree 177 add - node:40,fact:1
2018-12-13 at 19:49:15 CST INFO  datastructure.u_12_AVLTree.t_07_Remove_Elements_in_AVL_Tree.src.AVLTree 177 add - node:50,fact:1
2018-12-13 at 19:49:15 CST INFO  datastructure.u_12_AVLTree.t_07_Remove_Elements_in_AVL_Tree.src.AVLTree 177 add - node:100,fact:0
2018-12-13 at 19:49:15 CST INFO  datastructure.u_12_AVLTree.t_07_Remove_Elements_in_AVL_Tree.src.AVLTree 149 add - end:20
2018-12-13 at 19:49:15 CST INFO  datastructure.u_12_AVLTree.t_07_Remove_Elements_in_AVL_Tree.src.AVLTree 150 add - -----:
2018-12-13 at 19:49:15 CST INFO  datastructure.u_12_AVLTree.t_07_Remove_Elements_in_AVL_Tree.src.AVLTree 153 add - -----sb:100,50,145,40,70,140,150,20,130,
2018-12-13 at 19:49:15 CST INFO  datastructure.u_12_AVLTree.t_07_Remove_Elements_in_AVL_Tree.src.AVLTree 145 add - put:125
2018-12-13 at 19:49:15 CST INFO  datastructure.u_12_AVLTree.t_07_Remove_Elements_in_AVL_Tree.src.AVLTree 177 add - node:130,fact:1
2018-12-13 at 19:49:15 CST INFO  datastructure.u_12_AVLTree.t_07_Remove_Elements_in_AVL_Tree.src.AVLTree 177 add - node:140,fact:2
2018-12-13 at 19:49:15 CST INFO  datastructure.u_12_AVLTree.t_07_Remove_Elements_in_AVL_Tree.src.AVLTree 177 add - node:145,fact:1
2018-12-13 at 19:49:15 CST INFO  datastructure.u_12_AVLTree.t_07_Remove_Elements_in_AVL_Tree.src.AVLTree 177 add - node:100,fact:0
2018-12-13 at 19:49:15 CST INFO  datastructure.u_12_AVLTree.t_07_Remove_Elements_in_AVL_Tree.src.AVLTree 149 add - end:125
2018-12-13 at 19:49:15 CST INFO  datastructure.u_12_AVLTree.t_07_Remove_Elements_in_AVL_Tree.src.AVLTree 150 add - -----:
2018-12-13 at 19:49:15 CST INFO  datastructure.u_12_AVLTree.t_07_Remove_Elements_in_AVL_Tree.src.AVLTree 153 add - -----sb:100,50,145,40,70,130,150,20,125,140,
2018-12-13 at 19:49:15 CST INFO  datastructure.u_12_AVLTree.t_07_Remove_Elements_in_AVL_Tree.src.AVLTree 145 add - put:135
2018-12-13 at 19:49:22 CST INFO  datastructure.u_12_AVLTree.t_07_Remove_Elements_in_AVL_Tree.src.AVLTree 177 add - node:140,fact:1
2018-12-13 at 19:49:23 CST INFO  datastructure.u_12_AVLTree.t_07_Remove_Elements_in_AVL_Tree.src.AVLTree 177 add - node:130,fact:-1
2018-12-13 at 19:49:27 CST INFO  datastructure.u_12_AVLTree.t_07_Remove_Elements_in_AVL_Tree.src.AVLTree 177 add - node:145,fact:2
2018-12-13 at 19:49:27 CST INFO  datastructure.u_12_AVLTree.t_07_Remove_Elements_in_AVL_Tree.src.AVLTree 177 add - node:100,fact:0
2018-12-13 at 19:49:27 CST INFO  datastructure.u_12_AVLTree.t_07_Remove_Elements_in_AVL_Tree.src.AVLTree 149 add - end:135
2018-12-13 at 19:49:27 CST INFO  datastructure.u_12_AVLTree.t_07_Remove_Elements_in_AVL_Tree.src.AVLTree 150 add - -----:
2018-12-13 at 19:49:27 CST INFO  datastructure.u_12_AVLTree.t_07_Remove_Elements_in_AVL_Tree.src.AVLTree 153 add - -----sb:100,50,140,40,70,130,145,20,125,135,150,
2018-12-13 at 19:49:27 CST INFO  datastructure.u_12_AVLTree.t_07_Remove_Elements_in_AVL_Tree.src.AVLTree 145 add - put:147
2018-12-13 at 19:49:27 CST INFO  datastructure.u_12_AVLTree.t_07_Remove_Elements_in_AVL_Tree.src.AVLTree 177 add - node:150,fact:1
2018-12-13 at 19:49:27 CST INFO  datastructure.u_12_AVLTree.t_07_Remove_Elements_in_AVL_Tree.src.AVLTree 177 add - node:145,fact:-2
2018-12-13 at 19:49:27 CST INFO  datastructure.u_12_AVLTree.t_07_Remove_Elements_in_AVL_Tree.src.AVLTree 177 add - node:140,fact:0
2018-12-13 at 19:49:27 CST INFO  datastructure.u_12_AVLTree.t_07_Remove_Elements_in_AVL_Tree.src.AVLTree 177 add - node:100,fact:0
2018-12-13 at 19:49:27 CST INFO  datastructure.u_12_AVLTree.t_07_Remove_Elements_in_AVL_Tree.src.AVLTree 149 add - end:147
2018-12-13 at 19:49:27 CST INFO  datastructure.u_12_AVLTree.t_07_Remove_Elements_in_AVL_Tree.src.AVLTree 150 add - -----:
2018-12-13 at 19:49:27 CST INFO  datastructure.u_12_AVLTree.t_07_Remove_Elements_in_AVL_Tree.src.AVLTree 153 add - -----sb:100,50,140,40,70,130,147,20,125,135,145,150,
2018-12-13 at 19:49:27 CST INFO  datastructure.u_12_AVLTree.t_07_Remove_Elements_in_AVL_Tree.src.AVLTree 145 add - put:160
2018-12-13 at 19:49:27 CST INFO  datastructure.u_12_AVLTree.t_07_Remove_Elements_in_AVL_Tree.src.AVLTree 177 add - node:150,fact:-1
2018-12-13 at 19:49:27 CST INFO  datastructure.u_12_AVLTree.t_07_Remove_Elements_in_AVL_Tree.src.AVLTree 177 add - node:147,fact:-1
2018-12-13 at 19:49:27 CST INFO  datastructure.u_12_AVLTree.t_07_Remove_Elements_in_AVL_Tree.src.AVLTree 177 add - node:140,fact:-1
2018-12-13 at 19:49:27 CST INFO  datastructure.u_12_AVLTree.t_07_Remove_Elements_in_AVL_Tree.src.AVLTree 177 add - node:100,fact:-1
2018-12-13 at 19:49:27 CST INFO  datastructure.u_12_AVLTree.t_07_Remove_Elements_in_AVL_Tree.src.AVLTree 149 add - end:160
2018-12-13 at 19:49:27 CST INFO  datastructure.u_12_AVLTree.t_07_Remove_Elements_in_AVL_Tree.src.AVLTree 150 add - -----:
2018-12-13 at 19:49:27 CST INFO  datastructure.u_12_AVLTree.t_07_Remove_Elements_in_AVL_Tree.src.AVLTree 153 add - -----sb:100,50,140,40,70,130,147,20,125,135,145,150,160,
2018-12-13 at 19:49:31 CST INFO  datastructure.u_12_AVLTree.t_07_Remove_Elements_in_AVL_Tree.src.AVLTree 145 add - put:100
2018-12-13 at 19:49:31 CST INFO  datastructure.u_12_AVLTree.t_07_Remove_Elements_in_AVL_Tree.src.AVLTree 149 add - end:100
2018-12-13 at 19:49:31 CST INFO  datastructure.u_12_AVLTree.t_07_Remove_Elements_in_AVL_Tree.src.AVLTree 150 add - -----:
2018-12-13 at 19:49:31 CST INFO  datastructure.u_12_AVLTree.t_07_Remove_Elements_in_AVL_Tree.src.AVLTree 153 add - -----sb:100,
2018-12-13 at 19:49:31 CST INFO  datastructure.u_12_AVLTree.t_07_Remove_Elements_in_AVL_Tree.src.AVLTree 145 add - put:50
2018-12-13 at 19:49:31 CST INFO  datastructure.u_12_AVLTree.t_07_Remove_Elements_in_AVL_Tree.src.AVLTree 177 add - node:100,fact:1
2018-12-13 at 19:49:31 CST INFO  datastructure.u_12_AVLTree.t_07_Remove_Elements_in_AVL_Tree.src.AVLTree 149 add - end:50
2018-12-13 at 19:49:31 CST INFO  datastructure.u_12_AVLTree.t_07_Remove_Elements_in_AVL_Tree.src.AVLTree 150 add - -----:
2018-12-13 at 19:49:31 CST INFO  datastructure.u_12_AVLTree.t_07_Remove_Elements_in_AVL_Tree.src.AVLTree 153 add - -----sb:100,50,
2018-12-13 at 19:49:31 CST INFO  datastructure.u_12_AVLTree.t_07_Remove_Elements_in_AVL_Tree.src.AVLTree 145 add - put:140
2018-12-13 at 19:49:31 CST INFO  datastructure.u_12_AVLTree.t_07_Remove_Elements_in_AVL_Tree.src.AVLTree 177 add - node:100,fact:0
2018-12-13 at 19:49:31 CST INFO  datastructure.u_12_AVLTree.t_07_Remove_Elements_in_AVL_Tree.src.AVLTree 149 add - end:140
2018-12-13 at 19:49:31 CST INFO  datastructure.u_12_AVLTree.t_07_Remove_Elements_in_AVL_Tree.src.AVLTree 150 add - -----:
2018-12-13 at 19:49:31 CST INFO  datastructure.u_12_AVLTree.t_07_Remove_Elements_in_AVL_Tree.src.AVLTree 153 add - -----sb:100,50,140,
2018-12-13 at 19:49:31 CST INFO  datastructure.u_12_AVLTree.t_07_Remove_Elements_in_AVL_Tree.src.AVLTree 145 add - put:145
2018-12-13 at 19:49:31 CST INFO  datastructure.u_12_AVLTree.t_07_Remove_Elements_in_AVL_Tree.src.AVLTree 177 add - node:140,fact:-1
2018-12-13 at 19:49:31 CST INFO  datastructure.u_12_AVLTree.t_07_Remove_Elements_in_AVL_Tree.src.AVLTree 177 add - node:100,fact:-1
2018-12-13 at 19:49:31 CST INFO  datastructure.u_12_AVLTree.t_07_Remove_Elements_in_AVL_Tree.src.AVLTree 149 add - end:145
2018-12-13 at 19:49:31 CST INFO  datastructure.u_12_AVLTree.t_07_Remove_Elements_in_AVL_Tree.src.AVLTree 150 add - -----:
2018-12-13 at 19:49:31 CST INFO  datastructure.u_12_AVLTree.t_07_Remove_Elements_in_AVL_Tree.src.AVLTree 153 add - -----sb:100,50,140,145,
2018-12-13 at 19:49:31 CST INFO  datastructure.u_12_AVLTree.t_07_Remove_Elements_in_AVL_Tree.src.AVLTree 145 add - put:40
2018-12-13 at 19:49:31 CST INFO  datastructure.u_12_AVLTree.t_07_Remove_Elements_in_AVL_Tree.src.AVLTree 177 add - node:50,fact:1
2018-12-13 at 19:49:31 CST INFO  datastructure.u_12_AVLTree.t_07_Remove_Elements_in_AVL_Tree.src.AVLTree 177 add - node:100,fact:0
2018-12-13 at 19:49:31 CST INFO  datastructure.u_12_AVLTree.t_07_Remove_Elements_in_AVL_Tree.src.AVLTree 149 add - end:40
2018-12-13 at 19:49:31 CST INFO  datastructure.u_12_AVLTree.t_07_Remove_Elements_in_AVL_Tree.src.AVLTree 150 add - -----:
2018-12-13 at 19:49:31 CST INFO  datastructure.u_12_AVLTree.t_07_Remove_Elements_in_AVL_Tree.src.AVLTree 153 add - -----sb:100,50,140,40,145,
2018-12-13 at 19:49:31 CST INFO  datastructure.u_12_AVLTree.t_07_Remove_Elements_in_AVL_Tree.src.AVLTree 145 add - put:150
2018-12-13 at 19:49:31 CST INFO  datastructure.u_12_AVLTree.t_07_Remove_Elements_in_AVL_Tree.src.AVLTree 177 add - node:145,fact:-1
2018-12-13 at 19:49:32 CST INFO  datastructure.u_12_AVLTree.t_07_Remove_Elements_in_AVL_Tree.src.AVLTree 177 add - node:140,fact:-2
2018-12-13 at 19:49:32 CST INFO  datastructure.u_12_AVLTree.t_07_Remove_Elements_in_AVL_Tree.src.AVLTree 177 add - node:100,fact:0
2018-12-13 at 19:49:32 CST INFO  datastructure.u_12_AVLTree.t_07_Remove_Elements_in_AVL_Tree.src.AVLTree 149 add - end:150
2018-12-13 at 19:49:32 CST INFO  datastructure.u_12_AVLTree.t_07_Remove_Elements_in_AVL_Tree.src.AVLTree 150 add - -----:
2018-12-13 at 19:49:32 CST INFO  datastructure.u_12_AVLTree.t_07_Remove_Elements_in_AVL_Tree.src.AVLTree 153 add - -----sb:100,50,145,40,140,150,
2018-12-13 at 19:49:32 CST INFO  datastructure.u_12_AVLTree.t_07_Remove_Elements_in_AVL_Tree.src.AVLTree 145 add - put:70
2018-12-13 at 19:49:32 CST INFO  datastructure.u_12_AVLTree.t_07_Remove_Elements_in_AVL_Tree.src.AVLTree 177 add - node:50,fact:0
2018-12-13 at 19:49:32 CST INFO  datastructure.u_12_AVLTree.t_07_Remove_Elements_in_AVL_Tree.src.AVLTree 177 add - node:100,fact:0
2018-12-13 at 19:49:32 CST INFO  datastructure.u_12_AVLTree.t_07_Remove_Elements_in_AVL_Tree.src.AVLTree 149 add - end:70
2018-12-13 at 19:49:32 CST INFO  datastructure.u_12_AVLTree.t_07_Remove_Elements_in_AVL_Tree.src.AVLTree 150 add - -----:
2018-12-13 at 19:49:32 CST INFO  datastructure.u_12_AVLTree.t_07_Remove_Elements_in_AVL_Tree.src.AVLTree 153 add - -----sb:100,50,145,40,70,140,150,
2018-12-13 at 19:49:32 CST INFO  datastructure.u_12_AVLTree.t_07_Remove_Elements_in_AVL_Tree.src.AVLTree 145 add - put:130
2018-12-13 at 19:49:32 CST INFO  datastructure.u_12_AVLTree.t_07_Remove_Elements_in_AVL_Tree.src.AVLTree 177 add - node:140,fact:1
2018-12-13 at 19:49:32 CST INFO  datastructure.u_12_AVLTree.t_07_Remove_Elements_in_AVL_Tree.src.AVLTree 177 add - node:145,fact:1
2018-12-13 at 19:49:32 CST INFO  datastructure.u_12_AVLTree.t_07_Remove_Elements_in_AVL_Tree.src.AVLTree 177 add - node:100,fact:-1
2018-12-13 at 19:49:32 CST INFO  datastructure.u_12_AVLTree.t_07_Remove_Elements_in_AVL_Tree.src.AVLTree 149 add - end:130
2018-12-13 at 19:49:32 CST INFO  datastructure.u_12_AVLTree.t_07_Remove_Elements_in_AVL_Tree.src.AVLTree 150 add - -----:
2018-12-13 at 19:49:32 CST INFO  datastructure.u_12_AVLTree.t_07_Remove_Elements_in_AVL_Tree.src.AVLTree 153 add - -----sb:100,50,145,40,70,140,150,130,
2018-12-13 at 19:49:32 CST INFO  datastructure.u_12_AVLTree.t_07_Remove_Elements_in_AVL_Tree.src.AVLTree 145 add - put:20
2018-12-13 at 19:49:32 CST INFO  datastructure.u_12_AVLTree.t_07_Remove_Elements_in_AVL_Tree.src.AVLTree 177 add - node:40,fact:1
2018-12-13 at 19:49:32 CST INFO  datastructure.u_12_AVLTree.t_07_Remove_Elements_in_AVL_Tree.src.AVLTree 177 add - node:50,fact:1
2018-12-13 at 19:49:32 CST INFO  datastructure.u_12_AVLTree.t_07_Remove_Elements_in_AVL_Tree.src.AVLTree 177 add - node:100,fact:0
2018-12-13 at 19:49:32 CST INFO  datastructure.u_12_AVLTree.t_07_Remove_Elements_in_AVL_Tree.src.AVLTree 149 add - end:20
2018-12-13 at 19:49:32 CST INFO  datastructure.u_12_AVLTree.t_07_Remove_Elements_in_AVL_Tree.src.AVLTree 150 add - -----:
2018-12-13 at 19:49:32 CST INFO  datastructure.u_12_AVLTree.t_07_Remove_Elements_in_AVL_Tree.src.AVLTree 153 add - -----sb:100,50,145,40,70,140,150,20,130,
2018-12-13 at 19:49:32 CST INFO  datastructure.u_12_AVLTree.t_07_Remove_Elements_in_AVL_Tree.src.AVLTree 145 add - put:125
2018-12-13 at 19:49:32 CST INFO  datastructure.u_12_AVLTree.t_07_Remove_Elements_in_AVL_Tree.src.AVLTree 177 add - node:130,fact:1
2018-12-13 at 19:49:32 CST INFO  datastructure.u_12_AVLTree.t_07_Remove_Elements_in_AVL_Tree.src.AVLTree 177 add - node:140,fact:2
2018-12-13 at 19:49:32 CST INFO  datastructure.u_12_AVLTree.t_07_Remove_Elements_in_AVL_Tree.src.AVLTree 177 add - node:145,fact:1
2018-12-13 at 19:49:32 CST INFO  datastructure.u_12_AVLTree.t_07_Remove_Elements_in_AVL_Tree.src.AVLTree 177 add - node:100,fact:0
2018-12-13 at 19:49:32 CST INFO  datastructure.u_12_AVLTree.t_07_Remove_Elements_in_AVL_Tree.src.AVLTree 149 add - end:125
2018-12-13 at 19:49:32 CST INFO  datastructure.u_12_AVLTree.t_07_Remove_Elements_in_AVL_Tree.src.AVLTree 150 add - -----:
2018-12-13 at 19:49:32 CST INFO  datastructure.u_12_AVLTree.t_07_Remove_Elements_in_AVL_Tree.src.AVLTree 153 add - -----sb:100,50,145,40,70,130,150,20,125,140,
2018-12-13 at 19:49:32 CST INFO  datastructure.u_12_AVLTree.t_07_Remove_Elements_in_AVL_Tree.src.AVLTree 145 add - put:135
2018-12-13 at 19:49:33 CST INFO  datastructure.u_12_AVLTree.t_07_Remove_Elements_in_AVL_Tree.src.AVLTree 177 add - node:140,fact:1
2018-12-13 at 19:49:42 CST INFO  datastructure.u_12_AVLTree.t_07_Remove_Elements_in_AVL_Tree.src.AVLTree 177 add - node:130,fact:-1
2018-12-13 at 19:49:52 CST INFO  datastructure.u_12_AVLTree.t_07_Remove_Elements_in_AVL_Tree.src.AVLTree 177 add - node:145,fact:2
2018-12-13 at 19:56:20 CST INFO  datastructure.u_12_AVLTree.t_07_Remove_Elements_in_AVL_Tree.src.AVLTree 177 add - node:100,fact:0
2018-12-13 at 19:56:20 CST INFO  datastructure.u_12_AVLTree.t_07_Remove_Elements_in_AVL_Tree.src.AVLTree 149 add - end:135
2018-12-13 at 19:56:20 CST INFO  datastructure.u_12_AVLTree.t_07_Remove_Elements_in_AVL_Tree.src.AVLTree 150 add - -----:
2018-12-13 at 19:56:20 CST INFO  datastructure.u_12_AVLTree.t_07_Remove_Elements_in_AVL_Tree.src.AVLTree 153 add - -----sb:100,50,140,40,70,130,145,20,125,135,150,
2018-12-13 at 19:56:20 CST INFO  datastructure.u_12_AVLTree.t_07_Remove_Elements_in_AVL_Tree.src.AVLTree 145 add - put:147
2018-12-13 at 19:56:20 CST INFO  datastructure.u_12_AVLTree.t_07_Remove_Elements_in_AVL_Tree.src.AVLTree 177 add - node:150,fact:1
2018-12-13 at 19:56:20 CST INFO  datastructure.u_12_AVLTree.t_07_Remove_Elements_in_AVL_Tree.src.AVLTree 177 add - node:145,fact:-2
2018-12-13 at 19:56:20 CST INFO  datastructure.u_12_AVLTree.t_07_Remove_Elements_in_AVL_Tree.src.AVLTree 177 add - node:140,fact:0
2018-12-13 at 19:56:20 CST INFO  datastructure.u_12_AVLTree.t_07_Remove_Elements_in_AVL_Tree.src.AVLTree 177 add - node:100,fact:0
2018-12-13 at 19:56:20 CST INFO  datastructure.u_12_AVLTree.t_07_Remove_Elements_in_AVL_Tree.src.AVLTree 149 add - end:147
2018-12-13 at 19:56:20 CST INFO  datastructure.u_12_AVLTree.t_07_Remove_Elements_in_AVL_Tree.src.AVLTree 150 add - -----:
2018-12-13 at 19:56:20 CST INFO  datastructure.u_12_AVLTree.t_07_Remove_Elements_in_AVL_Tree.src.AVLTree 153 add - -----sb:100,50,140,40,70,130,147,20,125,135,145,150,
2018-12-13 at 19:56:20 CST INFO  datastructure.u_12_AVLTree.t_07_Remove_Elements_in_AVL_Tree.src.AVLTree 145 add - put:160
2018-12-13 at 19:56:20 CST INFO  datastructure.u_12_AVLTree.t_07_Remove_Elements_in_AVL_Tree.src.AVLTree 177 add - node:150,fact:-1
2018-12-13 at 19:56:20 CST INFO  datastructure.u_12_AVLTree.t_07_Remove_Elements_in_AVL_Tree.src.AVLTree 177 add - node:147,fact:-1
2018-12-13 at 19:56:20 CST INFO  datastructure.u_12_AVLTree.t_07_Remove_Elements_in_AVL_Tree.src.AVLTree 177 add - node:140,fact:-1
2018-12-13 at 19:56:20 CST INFO  datastructure.u_12_AVLTree.t_07_Remove_Elements_in_AVL_Tree.src.AVLTree 177 add - node:100,fact:-1
2018-12-13 at 19:56:20 CST INFO  datastructure.u_12_AVLTree.t_07_Remove_Elements_in_AVL_Tree.src.AVLTree 149 add - end:160
2018-12-13 at 19:56:20 CST INFO  datastructure.u_12_AVLTree.t_07_Remove_Elements_in_AVL_Tree.src.AVLTree 150 add - -----:
2018-12-13 at 19:56:20 CST INFO  datastructure.u_12_AVLTree.t_07_Remove_Elements_in_AVL_Tree.src.AVLTree 153 add - -----sb:100,50,140,40,70,130,147,20,125,135,145,150,160,
2018-12-13 at 20:18:24 CST INFO  datastructure.u_12_AVLTree.t_07_Remove_Elements_in_AVL_Tree.src.AVLTree 145 add - put:100
2018-12-13 at 20:18:24 CST INFO  datastructure.u_12_AVLTree.t_07_Remove_Elements_in_AVL_Tree.src.AVLTree 149 add - end:100
2018-12-13 at 20:18:24 CST INFO  datastructure.u_12_AVLTree.t_07_Remove_Elements_in_AVL_Tree.src.AVLTree 150 add - -----:
2018-12-13 at 20:18:24 CST INFO  datastructure.u_12_AVLTree.t_07_Remove_Elements_in_AVL_Tree.src.AVLTree 153 add - -----sb:100,
2018-12-13 at 20:18:24 CST INFO  datastructure.u_12_AVLTree.t_07_Remove_Elements_in_AVL_Tree.src.AVLTree 145 add - put:50
2018-12-13 at 20:18:24 CST INFO  datastructure.u_12_AVLTree.t_07_Remove_Elements_in_AVL_Tree.src.AVLTree 177 add - node:100,fact:1
2018-12-13 at 20:18:24 CST INFO  datastructure.u_12_AVLTree.t_07_Remove_Elements_in_AVL_Tree.src.AVLTree 149 add - end:50
2018-12-13 at 20:18:24 CST INFO  datastructure.u_12_AVLTree.t_07_Remove_Elements_in_AVL_Tree.src.AVLTree 150 add - -----:
2018-12-13 at 20:18:24 CST INFO  datastructure.u_12_AVLTree.t_07_Remove_Elements_in_AVL_Tree.src.AVLTree 153 add - -----sb:100,50,
2018-12-13 at 20:18:24 CST INFO  datastructure.u_12_AVLTree.t_07_Remove_Elements_in_AVL_Tree.src.AVLTree 145 add - put:140
2018-12-13 at 20:18:24 CST INFO  datastructure.u_12_AVLTree.t_07_Remove_Elements_in_AVL_Tree.src.AVLTree 177 add - node:100,fact:0
2018-12-13 at 20:18:24 CST INFO  datastructure.u_12_AVLTree.t_07_Remove_Elements_in_AVL_Tree.src.AVLTree 149 add - end:140
2018-12-13 at 20:18:24 CST INFO  datastructure.u_12_AVLTree.t_07_Remove_Elements_in_AVL_Tree.src.AVLTree 150 add - -----:
2018-12-13 at 20:18:24 CST INFO  datastructure.u_12_AVLTree.t_07_Remove_Elements_in_AVL_Tree.src.AVLTree 153 add - -----sb:100,50,140,
2018-12-13 at 20:18:24 CST INFO  datastructure.u_12_AVLTree.t_07_Remove_Elements_in_AVL_Tree.src.AVLTree 145 add - put:145
2018-12-13 at 20:18:24 CST INFO  datastructure.u_12_AVLTree.t_07_Remove_Elements_in_AVL_Tree.src.AVLTree 177 add - node:140,fact:-1
2018-12-13 at 20:18:24 CST INFO  datastructure.u_12_AVLTree.t_07_Remove_Elements_in_AVL_Tree.src.AVLTree 177 add - node:100,fact:-1
2018-12-13 at 20:18:24 CST INFO  datastructure.u_12_AVLTree.t_07_Remove_Elements_in_AVL_Tree.src.AVLTree 149 add - end:145
2018-12-13 at 20:18:24 CST INFO  datastructure.u_12_AVLTree.t_07_Remove_Elements_in_AVL_Tree.src.AVLTree 150 add - -----:
2018-12-13 at 20:18:24 CST INFO  datastructure.u_12_AVLTree.t_07_Remove_Elements_in_AVL_Tree.src.AVLTree 153 add - -----sb:100,50,140,145,
2018-12-13 at 20:18:24 CST INFO  datastructure.u_12_AVLTree.t_07_Remove_Elements_in_AVL_Tree.src.AVLTree 145 add - put:40
2018-12-13 at 20:18:24 CST INFO  datastructure.u_12_AVLTree.t_07_Remove_Elements_in_AVL_Tree.src.AVLTree 177 add - node:50,fact:1
2018-12-13 at 20:18:24 CST INFO  datastructure.u_12_AVLTree.t_07_Remove_Elements_in_AVL_Tree.src.AVLTree 177 add - node:100,fact:0
2018-12-13 at 20:18:24 CST INFO  datastructure.u_12_AVLTree.t_07_Remove_Elements_in_AVL_Tree.src.AVLTree 149 add - end:40
2018-12-13 at 20:18:24 CST INFO  datastructure.u_12_AVLTree.t_07_Remove_Elements_in_AVL_Tree.src.AVLTree 150 add - -----:
2018-12-13 at 20:18:24 CST INFO  datastructure.u_12_AVLTree.t_07_Remove_Elements_in_AVL_Tree.src.AVLTree 153 add - -----sb:100,50,140,40,145,
2018-12-13 at 20:18:24 CST INFO  datastructure.u_12_AVLTree.t_07_Remove_Elements_in_AVL_Tree.src.AVLTree 145 add - put:150
2018-12-13 at 20:18:24 CST INFO  datastructure.u_12_AVLTree.t_07_Remove_Elements_in_AVL_Tree.src.AVLTree 177 add - node:145,fact:-1
2018-12-13 at 20:18:24 CST INFO  datastructure.u_12_AVLTree.t_07_Remove_Elements_in_AVL_Tree.src.AVLTree 177 add - node:140,fact:-2
2018-12-13 at 20:18:24 CST INFO  datastructure.u_12_AVLTree.t_07_Remove_Elements_in_AVL_Tree.src.AVLTree 177 add - node:100,fact:0
2018-12-13 at 20:18:24 CST INFO  datastructure.u_12_AVLTree.t_07_Remove_Elements_in_AVL_Tree.src.AVLTree 149 add - end:150
2018-12-13 at 20:18:24 CST INFO  datastructure.u_12_AVLTree.t_07_Remove_Elements_in_AVL_Tree.src.AVLTree 150 add - -----:
2018-12-13 at 20:18:24 CST INFO  datastructure.u_12_AVLTree.t_07_Remove_Elements_in_AVL_Tree.src.AVLTree 153 add - -----sb:100,50,145,40,140,150,
2018-12-13 at 20:18:24 CST INFO  datastructure.u_12_AVLTree.t_07_Remove_Elements_in_AVL_Tree.src.AVLTree 145 add - put:70
2018-12-13 at 20:18:24 CST INFO  datastructure.u_12_AVLTree.t_07_Remove_Elements_in_AVL_Tree.src.AVLTree 177 add - node:50,fact:0
2018-12-13 at 20:18:24 CST INFO  datastructure.u_12_AVLTree.t_07_Remove_Elements_in_AVL_Tree.src.AVLTree 177 add - node:100,fact:0
2018-12-13 at 20:18:24 CST INFO  datastructure.u_12_AVLTree.t_07_Remove_Elements_in_AVL_Tree.src.AVLTree 149 add - end:70
2018-12-13 at 20:18:24 CST INFO  datastructure.u_12_AVLTree.t_07_Remove_Elements_in_AVL_Tree.src.AVLTree 150 add - -----:
2018-12-13 at 20:18:24 CST INFO  datastructure.u_12_AVLTree.t_07_Remove_Elements_in_AVL_Tree.src.AVLTree 153 add - -----sb:100,50,145,40,70,140,150,
2018-12-13 at 20:18:24 CST INFO  datastructure.u_12_AVLTree.t_07_Remove_Elements_in_AVL_Tree.src.AVLTree 145 add - put:130
2018-12-13 at 20:18:24 CST INFO  datastructure.u_12_AVLTree.t_07_Remove_Elements_in_AVL_Tree.src.AVLTree 177 add - node:140,fact:1
2018-12-13 at 20:18:24 CST INFO  datastructure.u_12_AVLTree.t_07_Remove_Elements_in_AVL_Tree.src.AVLTree 177 add - node:145,fact:1
2018-12-13 at 20:18:24 CST INFO  datastructure.u_12_AVLTree.t_07_Remove_Elements_in_AVL_Tree.src.AVLTree 177 add - node:100,fact:-1
2018-12-13 at 20:18:24 CST INFO  datastructure.u_12_AVLTree.t_07_Remove_Elements_in_AVL_Tree.src.AVLTree 149 add - end:130
2018-12-13 at 20:18:24 CST INFO  datastructure.u_12_AVLTree.t_07_Remove_Elements_in_AVL_Tree.src.AVLTree 150 add - -----:
2018-12-13 at 20:18:24 CST INFO  datastructure.u_12_AVLTree.t_07_Remove_Elements_in_AVL_Tree.src.AVLTree 153 add - -----sb:100,50,145,40,70,140,150,130,
2018-12-13 at 20:18:24 CST INFO  datastructure.u_12_AVLTree.t_07_Remove_Elements_in_AVL_Tree.src.AVLTree 145 add - put:20
2018-12-13 at 20:18:24 CST INFO  datastructure.u_12_AVLTree.t_07_Remove_Elements_in_AVL_Tree.src.AVLTree 177 add - node:40,fact:1
2018-12-13 at 20:18:24 CST INFO  datastructure.u_12_AVLTree.t_07_Remove_Elements_in_AVL_Tree.src.AVLTree 177 add - node:50,fact:1
2018-12-13 at 20:18:24 CST INFO  datastructure.u_12_AVLTree.t_07_Remove_Elements_in_AVL_Tree.src.AVLTree 177 add - node:100,fact:0
2018-12-13 at 20:18:24 CST INFO  datastructure.u_12_AVLTree.t_07_Remove_Elements_in_AVL_Tree.src.AVLTree 149 add - end:20
2018-12-13 at 20:18:24 CST INFO  datastructure.u_12_AVLTree.t_07_Remove_Elements_in_AVL_Tree.src.AVLTree 150 add - -----:
2018-12-13 at 20:18:24 CST INFO  datastructure.u_12_AVLTree.t_07_Remove_Elements_in_AVL_Tree.src.AVLTree 153 add - -----sb:100,50,145,40,70,140,150,20,130,
2018-12-13 at 20:18:24 CST INFO  datastructure.u_12_AVLTree.t_07_Remove_Elements_in_AVL_Tree.src.AVLTree 145 add - put:125
2018-12-13 at 20:18:24 CST INFO  datastructure.u_12_AVLTree.t_07_Remove_Elements_in_AVL_Tree.src.AVLTree 177 add - node:130,fact:1
2018-12-13 at 20:18:24 CST INFO  datastructure.u_12_AVLTree.t_07_Remove_Elements_in_AVL_Tree.src.AVLTree 177 add - node:140,fact:2
2018-12-13 at 20:18:24 CST INFO  datastructure.u_12_AVLTree.t_07_Remove_Elements_in_AVL_Tree.src.AVLTree 177 add - node:145,fact:1
2018-12-13 at 20:18:24 CST INFO  datastructure.u_12_AVLTree.t_07_Remove_Elements_in_AVL_Tree.src.AVLTree 177 add - node:100,fact:0
2018-12-13 at 20:18:24 CST INFO  datastructure.u_12_AVLTree.t_07_Remove_Elements_in_AVL_Tree.src.AVLTree 149 add - end:125
2018-12-13 at 20:18:24 CST INFO  datastructure.u_12_AVLTree.t_07_Remove_Elements_in_AVL_Tree.src.AVLTree 150 add - -----:
2018-12-13 at 20:18:24 CST INFO  datastructure.u_12_AVLTree.t_07_Remove_Elements_in_AVL_Tree.src.AVLTree 153 add - -----sb:100,50,145,40,70,130,150,20,125,140,
2018-12-13 at 20:18:24 CST INFO  datastructure.u_12_AVLTree.t_07_Remove_Elements_in_AVL_Tree.src.AVLTree 145 add - put:135
2018-12-13 at 20:18:24 CST INFO  datastructure.u_12_AVLTree.t_07_Remove_Elements_in_AVL_Tree.src.AVLTree 177 add - node:140,fact:1
2018-12-13 at 20:18:24 CST INFO  datastructure.u_12_AVLTree.t_07_Remove_Elements_in_AVL_Tree.src.AVLTree 177 add - node:130,fact:-1
2018-12-13 at 20:18:24 CST INFO  datastructure.u_12_AVLTree.t_07_Remove_Elements_in_AVL_Tree.src.AVLTree 177 add - node:145,fact:2
2018-12-13 at 20:18:24 CST INFO  datastructure.u_12_AVLTree.t_07_Remove_Elements_in_AVL_Tree.src.AVLTree 177 add - node:100,fact:0
2018-12-13 at 20:18:24 CST INFO  datastructure.u_12_AVLTree.t_07_Remove_Elements_in_AVL_Tree.src.AVLTree 149 add - end:135
2018-12-13 at 20:18:24 CST INFO  datastructure.u_12_AVLTree.t_07_Remove_Elements_in_AVL_Tree.src.AVLTree 150 add - -----:
2018-12-13 at 20:18:24 CST INFO  datastructure.u_12_AVLTree.t_07_Remove_Elements_in_AVL_Tree.src.AVLTree 153 add - -----sb:100,50,140,40,70,130,145,20,125,135,150,
2018-12-13 at 20:18:24 CST INFO  datastructure.u_12_AVLTree.t_07_Remove_Elements_in_AVL_Tree.src.AVLTree 145 add - put:147
2018-12-13 at 20:18:24 CST INFO  datastructure.u_12_AVLTree.t_07_Remove_Elements_in_AVL_Tree.src.AVLTree 177 add - node:150,fact:1
2018-12-13 at 20:18:24 CST INFO  datastructure.u_12_AVLTree.t_07_Remove_Elements_in_AVL_Tree.src.AVLTree 177 add - node:145,fact:-2
2018-12-13 at 20:18:24 CST INFO  datastructure.u_12_AVLTree.t_07_Remove_Elements_in_AVL_Tree.src.AVLTree 177 add - node:140,fact:0
2018-12-13 at 20:18:24 CST INFO  datastructure.u_12_AVLTree.t_07_Remove_Elements_in_AVL_Tree.src.AVLTree 177 add - node:100,fact:0
2018-12-13 at 20:18:24 CST INFO  datastructure.u_12_AVLTree.t_07_Remove_Elements_in_AVL_Tree.src.AVLTree 149 add - end:147
2018-12-13 at 20:18:24 CST INFO  datastructure.u_12_AVLTree.t_07_Remove_Elements_in_AVL_Tree.src.AVLTree 150 add - -----:
2018-12-13 at 20:18:24 CST INFO  datastructure.u_12_AVLTree.t_07_Remove_Elements_in_AVL_Tree.src.AVLTree 153 add - -----sb:100,50,140,40,70,130,147,20,125,135,145,150,
2018-12-13 at 20:18:24 CST INFO  datastructure.u_12_AVLTree.t_07_Remove_Elements_in_AVL_Tree.src.AVLTree 145 add - put:160
2018-12-13 at 20:18:24 CST INFO  datastructure.u_12_AVLTree.t_07_Remove_Elements_in_AVL_Tree.src.AVLTree 177 add - node:150,fact:-1
2018-12-13 at 20:18:24 CST INFO  datastructure.u_12_AVLTree.t_07_Remove_Elements_in_AVL_Tree.src.AVLTree 177 add - node:147,fact:-1
2018-12-13 at 20:18:24 CST INFO  datastructure.u_12_AVLTree.t_07_Remove_Elements_in_AVL_Tree.src.AVLTree 177 add - node:140,fact:-1
2018-12-13 at 20:18:24 CST INFO  datastructure.u_12_AVLTree.t_07_Remove_Elements_in_AVL_Tree.src.AVLTree 177 add - node:100,fact:-1
2018-12-13 at 20:18:24 CST INFO  datastructure.u_12_AVLTree.t_07_Remove_Elements_in_AVL_Tree.src.AVLTree 149 add - end:160
2018-12-13 at 20:18:24 CST INFO  datastructure.u_12_AVLTree.t_07_Remove_Elements_in_AVL_Tree.src.AVLTree 150 add - -----:
2018-12-13 at 20:18:24 CST INFO  datastructure.u_12_AVLTree.t_07_Remove_Elements_in_AVL_Tree.src.AVLTree 153 add - -----sb:100,50,140,40,70,130,147,20,125,135,145,150,160,
2018-12-13 at 20:21:03 CST INFO  datastructure.u_12_AVLTree.t_07_Remove_Elements_in_AVL_Tree.src.AVLTree 146 add - put:100
2018-12-13 at 20:21:03 CST INFO  datastructure.u_12_AVLTree.t_07_Remove_Elements_in_AVL_Tree.src.AVLTree 150 add - end:100
2018-12-13 at 20:21:03 CST INFO  datastructure.u_12_AVLTree.t_07_Remove_Elements_in_AVL_Tree.src.AVLTree 151 add - -----:
2018-12-13 at 20:21:03 CST INFO  datastructure.u_12_AVLTree.t_07_Remove_Elements_in_AVL_Tree.src.AVLTree 154 add - -----sb:100,
2018-12-13 at 20:21:03 CST INFO  datastructure.u_12_AVLTree.t_07_Remove_Elements_in_AVL_Tree.src.AVLTree 146 add - put:50
2018-12-13 at 20:21:03 CST INFO  datastructure.u_12_AVLTree.t_07_Remove_Elements_in_AVL_Tree.src.AVLTree 94 getBalanceFactor - nodeIndex:100, height:2
2018-12-13 at 20:21:03 CST INFO  datastructure.u_12_AVLTree.t_07_Remove_Elements_in_AVL_Tree.src.AVLTree 178 add - node:100,fact:1
2018-12-13 at 20:21:03 CST INFO  datastructure.u_12_AVLTree.t_07_Remove_Elements_in_AVL_Tree.src.AVLTree 150 add - end:50
2018-12-13 at 20:21:03 CST INFO  datastructure.u_12_AVLTree.t_07_Remove_Elements_in_AVL_Tree.src.AVLTree 151 add - -----:
2018-12-13 at 20:21:03 CST INFO  datastructure.u_12_AVLTree.t_07_Remove_Elements_in_AVL_Tree.src.AVLTree 154 add - -----sb:100,50,
2018-12-13 at 20:21:03 CST INFO  datastructure.u_12_AVLTree.t_07_Remove_Elements_in_AVL_Tree.src.AVLTree 146 add - put:140
2018-12-13 at 20:21:03 CST INFO  datastructure.u_12_AVLTree.t_07_Remove_Elements_in_AVL_Tree.src.AVLTree 94 getBalanceFactor - nodeIndex:100, height:2
2018-12-13 at 20:21:03 CST INFO  datastructure.u_12_AVLTree.t_07_Remove_Elements_in_AVL_Tree.src.AVLTree 178 add - node:100,fact:0
2018-12-13 at 20:21:03 CST INFO  datastructure.u_12_AVLTree.t_07_Remove_Elements_in_AVL_Tree.src.AVLTree 150 add - end:140
2018-12-13 at 20:21:03 CST INFO  datastructure.u_12_AVLTree.t_07_Remove_Elements_in_AVL_Tree.src.AVLTree 151 add - -----:
2018-12-13 at 20:21:03 CST INFO  datastructure.u_12_AVLTree.t_07_Remove_Elements_in_AVL_Tree.src.AVLTree 154 add - -----sb:100,50,140,
2018-12-13 at 20:21:03 CST INFO  datastructure.u_12_AVLTree.t_07_Remove_Elements_in_AVL_Tree.src.AVLTree 146 add - put:145
2018-12-13 at 20:21:03 CST INFO  datastructure.u_12_AVLTree.t_07_Remove_Elements_in_AVL_Tree.src.AVLTree 94 getBalanceFactor - nodeIndex:140, height:2
2018-12-13 at 20:21:03 CST INFO  datastructure.u_12_AVLTree.t_07_Remove_Elements_in_AVL_Tree.src.AVLTree 178 add - node:140,fact:-1
2018-12-13 at 20:21:03 CST INFO  datastructure.u_12_AVLTree.t_07_Remove_Elements_in_AVL_Tree.src.AVLTree 94 getBalanceFactor - nodeIndex:100, height:3
2018-12-13 at 20:21:03 CST INFO  datastructure.u_12_AVLTree.t_07_Remove_Elements_in_AVL_Tree.src.AVLTree 178 add - node:100,fact:-1
2018-12-13 at 20:21:03 CST INFO  datastructure.u_12_AVLTree.t_07_Remove_Elements_in_AVL_Tree.src.AVLTree 150 add - end:145
2018-12-13 at 20:21:03 CST INFO  datastructure.u_12_AVLTree.t_07_Remove_Elements_in_AVL_Tree.src.AVLTree 151 add - -----:
2018-12-13 at 20:21:03 CST INFO  datastructure.u_12_AVLTree.t_07_Remove_Elements_in_AVL_Tree.src.AVLTree 154 add - -----sb:100,50,140,145,
2018-12-13 at 20:21:03 CST INFO  datastructure.u_12_AVLTree.t_07_Remove_Elements_in_AVL_Tree.src.AVLTree 146 add - put:40
2018-12-13 at 20:21:03 CST INFO  datastructure.u_12_AVLTree.t_07_Remove_Elements_in_AVL_Tree.src.AVLTree 94 getBalanceFactor - nodeIndex:50, height:2
2018-12-13 at 20:21:03 CST INFO  datastructure.u_12_AVLTree.t_07_Remove_Elements_in_AVL_Tree.src.AVLTree 178 add - node:50,fact:1
2018-12-13 at 20:21:03 CST INFO  datastructure.u_12_AVLTree.t_07_Remove_Elements_in_AVL_Tree.src.AVLTree 94 getBalanceFactor - nodeIndex:100, height:3
2018-12-13 at 20:21:03 CST INFO  datastructure.u_12_AVLTree.t_07_Remove_Elements_in_AVL_Tree.src.AVLTree 178 add - node:100,fact:0
2018-12-13 at 20:21:03 CST INFO  datastructure.u_12_AVLTree.t_07_Remove_Elements_in_AVL_Tree.src.AVLTree 150 add - end:40
2018-12-13 at 20:21:03 CST INFO  datastructure.u_12_AVLTree.t_07_Remove_Elements_in_AVL_Tree.src.AVLTree 151 add - -----:
2018-12-13 at 20:21:03 CST INFO  datastructure.u_12_AVLTree.t_07_Remove_Elements_in_AVL_Tree.src.AVLTree 154 add - -----sb:100,50,140,40,145,
2018-12-13 at 20:21:03 CST INFO  datastructure.u_12_AVLTree.t_07_Remove_Elements_in_AVL_Tree.src.AVLTree 146 add - put:150
2018-12-13 at 20:21:03 CST INFO  datastructure.u_12_AVLTree.t_07_Remove_Elements_in_AVL_Tree.src.AVLTree 94 getBalanceFactor - nodeIndex:145, height:2
2018-12-13 at 20:21:03 CST INFO  datastructure.u_12_AVLTree.t_07_Remove_Elements_in_AVL_Tree.src.AVLTree 178 add - node:145,fact:-1
2018-12-13 at 20:21:03 CST INFO  datastructure.u_12_AVLTree.t_07_Remove_Elements_in_AVL_Tree.src.AVLTree 94 getBalanceFactor - nodeIndex:140, height:3
2018-12-13 at 20:21:03 CST INFO  datastructure.u_12_AVLTree.t_07_Remove_Elements_in_AVL_Tree.src.AVLTree 178 add - node:140,fact:-2
2018-12-13 at 20:21:03 CST INFO  datastructure.u_12_AVLTree.t_07_Remove_Elements_in_AVL_Tree.src.AVLTree 94 getBalanceFactor - nodeIndex:145, height:2
2018-12-13 at 20:21:03 CST INFO  datastructure.u_12_AVLTree.t_07_Remove_Elements_in_AVL_Tree.src.AVLTree 94 getBalanceFactor - nodeIndex:100, height:3
2018-12-13 at 20:21:03 CST INFO  datastructure.u_12_AVLTree.t_07_Remove_Elements_in_AVL_Tree.src.AVLTree 178 add - node:100,fact:0
2018-12-13 at 20:21:03 CST INFO  datastructure.u_12_AVLTree.t_07_Remove_Elements_in_AVL_Tree.src.AVLTree 150 add - end:150
2018-12-13 at 20:21:03 CST INFO  datastructure.u_12_AVLTree.t_07_Remove_Elements_in_AVL_Tree.src.AVLTree 151 add - -----:
2018-12-13 at 20:21:03 CST INFO  datastructure.u_12_AVLTree.t_07_Remove_Elements_in_AVL_Tree.src.AVLTree 154 add - -----sb:100,50,145,40,140,150,
2018-12-13 at 20:21:03 CST INFO  datastructure.u_12_AVLTree.t_07_Remove_Elements_in_AVL_Tree.src.AVLTree 146 add - put:70
2018-12-13 at 20:21:03 CST INFO  datastructure.u_12_AVLTree.t_07_Remove_Elements_in_AVL_Tree.src.AVLTree 94 getBalanceFactor - nodeIndex:50, height:2
2018-12-13 at 20:21:03 CST INFO  datastructure.u_12_AVLTree.t_07_Remove_Elements_in_AVL_Tree.src.AVLTree 178 add - node:50,fact:0
2018-12-13 at 20:21:03 CST INFO  datastructure.u_12_AVLTree.t_07_Remove_Elements_in_AVL_Tree.src.AVLTree 94 getBalanceFactor - nodeIndex:100, height:3
2018-12-13 at 20:21:03 CST INFO  datastructure.u_12_AVLTree.t_07_Remove_Elements_in_AVL_Tree.src.AVLTree 178 add - node:100,fact:0
2018-12-13 at 20:21:03 CST INFO  datastructure.u_12_AVLTree.t_07_Remove_Elements_in_AVL_Tree.src.AVLTree 150 add - end:70
2018-12-13 at 20:21:03 CST INFO  datastructure.u_12_AVLTree.t_07_Remove_Elements_in_AVL_Tree.src.AVLTree 151 add - -----:
2018-12-13 at 20:21:03 CST INFO  datastructure.u_12_AVLTree.t_07_Remove_Elements_in_AVL_Tree.src.AVLTree 154 add - -----sb:100,50,145,40,70,140,150,
2018-12-13 at 20:21:03 CST INFO  datastructure.u_12_AVLTree.t_07_Remove_Elements_in_AVL_Tree.src.AVLTree 146 add - put:130
2018-12-13 at 20:21:03 CST INFO  datastructure.u_12_AVLTree.t_07_Remove_Elements_in_AVL_Tree.src.AVLTree 94 getBalanceFactor - nodeIndex:140, height:2
2018-12-13 at 20:21:03 CST INFO  datastructure.u_12_AVLTree.t_07_Remove_Elements_in_AVL_Tree.src.AVLTree 178 add - node:140,fact:1
2018-12-13 at 20:21:03 CST INFO  datastructure.u_12_AVLTree.t_07_Remove_Elements_in_AVL_Tree.src.AVLTree 94 getBalanceFactor - nodeIndex:145, height:3
2018-12-13 at 20:21:03 CST INFO  datastructure.u_12_AVLTree.t_07_Remove_Elements_in_AVL_Tree.src.AVLTree 178 add - node:145,fact:1
2018-12-13 at 20:21:03 CST INFO  datastructure.u_12_AVLTree.t_07_Remove_Elements_in_AVL_Tree.src.AVLTree 94 getBalanceFactor - nodeIndex:100, height:4
2018-12-13 at 20:21:03 CST INFO  datastructure.u_12_AVLTree.t_07_Remove_Elements_in_AVL_Tree.src.AVLTree 178 add - node:100,fact:-1
2018-12-13 at 20:21:03 CST INFO  datastructure.u_12_AVLTree.t_07_Remove_Elements_in_AVL_Tree.src.AVLTree 150 add - end:130
2018-12-13 at 20:21:03 CST INFO  datastructure.u_12_AVLTree.t_07_Remove_Elements_in_AVL_Tree.src.AVLTree 151 add - -----:
2018-12-13 at 20:21:03 CST INFO  datastructure.u_12_AVLTree.t_07_Remove_Elements_in_AVL_Tree.src.AVLTree 154 add - -----sb:100,50,145,40,70,140,150,130,
2018-12-13 at 20:21:03 CST INFO  datastructure.u_12_AVLTree.t_07_Remove_Elements_in_AVL_Tree.src.AVLTree 146 add - put:20
2018-12-13 at 20:21:03 CST INFO  datastructure.u_12_AVLTree.t_07_Remove_Elements_in_AVL_Tree.src.AVLTree 94 getBalanceFactor - nodeIndex:40, height:2
2018-12-13 at 20:21:03 CST INFO  datastructure.u_12_AVLTree.t_07_Remove_Elements_in_AVL_Tree.src.AVLTree 178 add - node:40,fact:1
2018-12-13 at 20:21:03 CST INFO  datastructure.u_12_AVLTree.t_07_Remove_Elements_in_AVL_Tree.src.AVLTree 94 getBalanceFactor - nodeIndex:50, height:3
2018-12-13 at 20:21:03 CST INFO  datastructure.u_12_AVLTree.t_07_Remove_Elements_in_AVL_Tree.src.AVLTree 178 add - node:50,fact:1
2018-12-13 at 20:21:03 CST INFO  datastructure.u_12_AVLTree.t_07_Remove_Elements_in_AVL_Tree.src.AVLTree 94 getBalanceFactor - nodeIndex:100, height:4
2018-12-13 at 20:21:03 CST INFO  datastructure.u_12_AVLTree.t_07_Remove_Elements_in_AVL_Tree.src.AVLTree 178 add - node:100,fact:0
2018-12-13 at 20:21:03 CST INFO  datastructure.u_12_AVLTree.t_07_Remove_Elements_in_AVL_Tree.src.AVLTree 150 add - end:20
2018-12-13 at 20:21:03 CST INFO  datastructure.u_12_AVLTree.t_07_Remove_Elements_in_AVL_Tree.src.AVLTree 151 add - -----:
2018-12-13 at 20:21:03 CST INFO  datastructure.u_12_AVLTree.t_07_Remove_Elements_in_AVL_Tree.src.AVLTree 154 add - -----sb:100,50,145,40,70,140,150,20,130,
2018-12-13 at 20:21:03 CST INFO  datastructure.u_12_AVLTree.t_07_Remove_Elements_in_AVL_Tree.src.AVLTree 146 add - put:125
2018-12-13 at 20:21:03 CST INFO  datastructure.u_12_AVLTree.t_07_Remove_Elements_in_AVL_Tree.src.AVLTree 94 getBalanceFactor - nodeIndex:130, height:2
2018-12-13 at 20:21:03 CST INFO  datastructure.u_12_AVLTree.t_07_Remove_Elements_in_AVL_Tree.src.AVLTree 178 add - node:130,fact:1
2018-12-13 at 20:21:03 CST INFO  datastructure.u_12_AVLTree.t_07_Remove_Elements_in_AVL_Tree.src.AVLTree 94 getBalanceFactor - nodeIndex:140, height:3
2018-12-13 at 20:21:03 CST INFO  datastructure.u_12_AVLTree.t_07_Remove_Elements_in_AVL_Tree.src.AVLTree 178 add - node:140,fact:2
2018-12-13 at 20:21:03 CST INFO  datastructure.u_12_AVLTree.t_07_Remove_Elements_in_AVL_Tree.src.AVLTree 94 getBalanceFactor - nodeIndex:130, height:2
2018-12-13 at 20:21:03 CST INFO  datastructure.u_12_AVLTree.t_07_Remove_Elements_in_AVL_Tree.src.AVLTree 94 getBalanceFactor - nodeIndex:145, height:3
2018-12-13 at 20:21:03 CST INFO  datastructure.u_12_AVLTree.t_07_Remove_Elements_in_AVL_Tree.src.AVLTree 178 add - node:145,fact:1
2018-12-13 at 20:21:03 CST INFO  datastructure.u_12_AVLTree.t_07_Remove_Elements_in_AVL_Tree.src.AVLTree 94 getBalanceFactor - nodeIndex:100, height:4
2018-12-13 at 20:21:03 CST INFO  datastructure.u_12_AVLTree.t_07_Remove_Elements_in_AVL_Tree.src.AVLTree 178 add - node:100,fact:0
2018-12-13 at 20:21:03 CST INFO  datastructure.u_12_AVLTree.t_07_Remove_Elements_in_AVL_Tree.src.AVLTree 150 add - end:125
2018-12-13 at 20:21:03 CST INFO  datastructure.u_12_AVLTree.t_07_Remove_Elements_in_AVL_Tree.src.AVLTree 151 add - -----:
2018-12-13 at 20:21:03 CST INFO  datastructure.u_12_AVLTree.t_07_Remove_Elements_in_AVL_Tree.src.AVLTree 154 add - -----sb:100,50,145,40,70,130,150,20,125,140,
2018-12-13 at 20:21:03 CST INFO  datastructure.u_12_AVLTree.t_07_Remove_Elements_in_AVL_Tree.src.AVLTree 146 add - put:135
2018-12-13 at 20:21:03 CST INFO  datastructure.u_12_AVLTree.t_07_Remove_Elements_in_AVL_Tree.src.AVLTree 94 getBalanceFactor - nodeIndex:140, height:2
2018-12-13 at 20:21:03 CST INFO  datastructure.u_12_AVLTree.t_07_Remove_Elements_in_AVL_Tree.src.AVLTree 178 add - node:140,fact:1
2018-12-13 at 20:21:03 CST INFO  datastructure.u_12_AVLTree.t_07_Remove_Elements_in_AVL_Tree.src.AVLTree 94 getBalanceFactor - nodeIndex:130, height:3
2018-12-13 at 20:21:03 CST INFO  datastructure.u_12_AVLTree.t_07_Remove_Elements_in_AVL_Tree.src.AVLTree 178 add - node:130,fact:-1
2018-12-13 at 20:21:03 CST INFO  datastructure.u_12_AVLTree.t_07_Remove_Elements_in_AVL_Tree.src.AVLTree 94 getBalanceFactor - nodeIndex:145, height:4
2018-12-13 at 20:21:03 CST INFO  datastructure.u_12_AVLTree.t_07_Remove_Elements_in_AVL_Tree.src.AVLTree 178 add - node:145,fact:2
2018-12-13 at 20:21:03 CST INFO  datastructure.u_12_AVLTree.t_07_Remove_Elements_in_AVL_Tree.src.AVLTree 94 getBalanceFactor - nodeIndex:130, height:3
2018-12-13 at 20:21:03 CST INFO  datastructure.u_12_AVLTree.t_07_Remove_Elements_in_AVL_Tree.src.AVLTree 94 getBalanceFactor - nodeIndex:130, height:3
2018-12-13 at 21:20:13 CST INFO  datastructure.u_12_AVLTree.t_07_Remove_Elements_in_AVL_Tree.src.AVLTree 94 getBalanceFactor - nodeIndex:100, height:4
2018-12-13 at 21:20:13 CST INFO  datastructure.u_12_AVLTree.t_07_Remove_Elements_in_AVL_Tree.src.AVLTree 178 add - node:100,fact:0
2018-12-13 at 21:20:13 CST INFO  datastructure.u_12_AVLTree.t_07_Remove_Elements_in_AVL_Tree.src.AVLTree 150 add - end:135
2018-12-13 at 21:20:13 CST INFO  datastructure.u_12_AVLTree.t_07_Remove_Elements_in_AVL_Tree.src.AVLTree 151 add - -----:
2018-12-13 at 21:20:13 CST INFO  datastructure.u_12_AVLTree.t_07_Remove_Elements_in_AVL_Tree.src.AVLTree 154 add - -----sb:100,50,140,40,70,130,145,20,125,135,150,
2018-12-13 at 21:20:13 CST INFO  datastructure.u_12_AVLTree.t_07_Remove_Elements_in_AVL_Tree.src.AVLTree 146 add - put:147
2018-12-13 at 21:20:13 CST INFO  datastructure.u_12_AVLTree.t_07_Remove_Elements_in_AVL_Tree.src.AVLTree 94 getBalanceFactor - nodeIndex:150, height:2
2018-12-13 at 21:20:13 CST INFO  datastructure.u_12_AVLTree.t_07_Remove_Elements_in_AVL_Tree.src.AVLTree 178 add - node:150,fact:1
2018-12-13 at 21:20:13 CST INFO  datastructure.u_12_AVLTree.t_07_Remove_Elements_in_AVL_Tree.src.AVLTree 94 getBalanceFactor - nodeIndex:145, height:3
2018-12-13 at 21:20:13 CST INFO  datastructure.u_12_AVLTree.t_07_Remove_Elements_in_AVL_Tree.src.AVLTree 178 add - node:145,fact:-2
2018-12-13 at 21:20:13 CST INFO  datastructure.u_12_AVLTree.t_07_Remove_Elements_in_AVL_Tree.src.AVLTree 94 getBalanceFactor - nodeIndex:150, height:2
2018-12-13 at 21:20:13 CST INFO  datastructure.u_12_AVLTree.t_07_Remove_Elements_in_AVL_Tree.src.AVLTree 94 getBalanceFactor - nodeIndex:150, height:2
2018-12-13 at 21:20:13 CST INFO  datastructure.u_12_AVLTree.t_07_Remove_Elements_in_AVL_Tree.src.AVLTree 94 getBalanceFactor - nodeIndex:140, height:3
2018-12-13 at 21:20:13 CST INFO  datastructure.u_12_AVLTree.t_07_Remove_Elements_in_AVL_Tree.src.AVLTree 178 add - node:140,fact:0
2018-12-13 at 21:20:13 CST INFO  datastructure.u_12_AVLTree.t_07_Remove_Elements_in_AVL_Tree.src.AVLTree 94 getBalanceFactor - nodeIndex:100, height:4
2018-12-13 at 21:20:13 CST INFO  datastructure.u_12_AVLTree.t_07_Remove_Elements_in_AVL_Tree.src.AVLTree 178 add - node:100,fact:0
2018-12-13 at 21:20:13 CST INFO  datastructure.u_12_AVLTree.t_07_Remove_Elements_in_AVL_Tree.src.AVLTree 150 add - end:147
2018-12-13 at 21:20:13 CST INFO  datastructure.u_12_AVLTree.t_07_Remove_Elements_in_AVL_Tree.src.AVLTree 151 add - -----:
2018-12-13 at 21:20:13 CST INFO  datastructure.u_12_AVLTree.t_07_Remove_Elements_in_AVL_Tree.src.AVLTree 154 add - -----sb:100,50,140,40,70,130,147,20,125,135,145,150,
2018-12-13 at 21:20:13 CST INFO  datastructure.u_12_AVLTree.t_07_Remove_Elements_in_AVL_Tree.src.AVLTree 146 add - put:160
2018-12-13 at 21:20:13 CST INFO  datastructure.u_12_AVLTree.t_07_Remove_Elements_in_AVL_Tree.src.AVLTree 94 getBalanceFactor - nodeIndex:150, height:2
2018-12-13 at 21:20:13 CST INFO  datastructure.u_12_AVLTree.t_07_Remove_Elements_in_AVL_Tree.src.AVLTree 178 add - node:150,fact:-1
2018-12-13 at 21:20:13 CST INFO  datastructure.u_12_AVLTree.t_07_Remove_Elements_in_AVL_Tree.src.AVLTree 94 getBalanceFactor - nodeIndex:147, height:3
2018-12-13 at 21:20:13 CST INFO  datastructure.u_12_AVLTree.t_07_Remove_Elements_in_AVL_Tree.src.AVLTree 178 add - node:147,fact:-1
2018-12-13 at 21:20:13 CST INFO  datastructure.u_12_AVLTree.t_07_Remove_Elements_in_AVL_Tree.src.AVLTree 94 getBalanceFactor - nodeIndex:140, height:4
2018-12-13 at 21:20:13 CST INFO  datastructure.u_12_AVLTree.t_07_Remove_Elements_in_AVL_Tree.src.AVLTree 178 add - node:140,fact:-1
2018-12-13 at 21:20:13 CST INFO  datastructure.u_12_AVLTree.t_07_Remove_Elements_in_AVL_Tree.src.AVLTree 94 getBalanceFactor - nodeIndex:100, height:5
2018-12-13 at 21:20:13 CST INFO  datastructure.u_12_AVLTree.t_07_Remove_Elements_in_AVL_Tree.src.AVLTree 178 add - node:100,fact:-1
2018-12-13 at 21:20:13 CST INFO  datastructure.u_12_AVLTree.t_07_Remove_Elements_in_AVL_Tree.src.AVLTree 150 add - end:160
2018-12-13 at 21:20:13 CST INFO  datastructure.u_12_AVLTree.t_07_Remove_Elements_in_AVL_Tree.src.AVLTree 151 add - -----:
2018-12-13 at 21:20:13 CST INFO  datastructure.u_12_AVLTree.t_07_Remove_Elements_in_AVL_Tree.src.AVLTree 154 add - -----sb:100,50,140,40,70,130,147,20,125,135,145,150,160,
